0 info it worked if it ends with ok
1 verbose cli [ '/usr/local/bin/node', '/usr/local/bin/npm', 'install' ]
2 info using npm@1.4.28
3 info using node@v0.10.35
4 verbose readDependencies using package.json deps
5 verbose install where, deps [ '/var/www/html/ChatCon',
5 verbose install   [ 'body-parser',
5 verbose install     'cookie-parser',
5 verbose install     'debug',
5 verbose install     'express',
5 verbose install     'express-session',
5 verbose install     'jade',
5 verbose install     'method-override',
5 verbose install     'mongoose',
5 verbose install     'morgan',
5 verbose install     'passport',
5 verbose install     'passport-facebook',
5 verbose install     'passport-google-plus',
5 verbose install     'passport-twitter',
5 verbose install     'serve-favicon',
5 verbose install     'stylus' ] ]
6 info preinstall HelloMySite@0.0.0
7 verbose readDependencies using package.json deps
8 verbose cache add [ 'cookie-parser@~1.3.5', null ]
9 verbose cache add name=undefined spec="cookie-parser@~1.3.5" args=["cookie-parser@~1.3.5",null]
10 verbose parsed url { protocol: null,
10 verbose parsed url   slashes: null,
10 verbose parsed url   auth: null,
10 verbose parsed url   host: null,
10 verbose parsed url   port: null,
10 verbose parsed url   hostname: null,
10 verbose parsed url   hash: null,
10 verbose parsed url   search: null,
10 verbose parsed url   query: null,
10 verbose parsed url   pathname: 'cookie-parser@~1.3.5',
10 verbose parsed url   path: 'cookie-parser@~1.3.5',
10 verbose parsed url   href: 'cookie-parser@~1.3.5' }
11 verbose cache add [ 'debug@~2.2.0', null ]
12 verbose cache add name=undefined spec="debug@~2.2.0" args=["debug@~2.2.0",null]
13 verbose parsed url { protocol: null,
13 verbose parsed url   slashes: null,
13 verbose parsed url   auth: null,
13 verbose parsed url   host: null,
13 verbose parsed url   port: null,
13 verbose parsed url   hostname: null,
13 verbose parsed url   hash: null,
13 verbose parsed url   search: null,
13 verbose parsed url   query: null,
13 verbose parsed url   pathname: 'debug@~2.2.0',
13 verbose parsed url   path: 'debug@~2.2.0',
13 verbose parsed url   href: 'debug@~2.2.0' }
14 verbose cache add [ 'express@~4.12.4', null ]
15 verbose cache add name=undefined spec="express@~4.12.4" args=["express@~4.12.4",null]
16 verbose parsed url { protocol: null,
16 verbose parsed url   slashes: null,
16 verbose parsed url   auth: null,
16 verbose parsed url   host: null,
16 verbose parsed url   port: null,
16 verbose parsed url   hostname: null,
16 verbose parsed url   hash: null,
16 verbose parsed url   search: null,
16 verbose parsed url   query: null,
16 verbose parsed url   pathname: 'express@~4.12.4',
16 verbose parsed url   path: 'express@~4.12.4',
16 verbose parsed url   href: 'express@~4.12.4' }
17 verbose cache add [ 'express-session@^1.11.2', null ]
18 verbose cache add name=undefined spec="express-session@^1.11.2" args=["express-session@^1.11.2",null]
19 verbose parsed url { protocol: null,
19 verbose parsed url   slashes: null,
19 verbose parsed url   auth: null,
19 verbose parsed url   host: null,
19 verbose parsed url   port: null,
19 verbose parsed url   hostname: null,
19 verbose parsed url   hash: null,
19 verbose parsed url   search: null,
19 verbose parsed url   query: null,
19 verbose parsed url   pathname: 'express-session@^1.11.2',
19 verbose parsed url   path: 'express-session@^1.11.2',
19 verbose parsed url   href: 'express-session@^1.11.2' }
20 verbose cache add name="cookie-parser" spec="~1.3.5" args=["cookie-parser","~1.3.5"]
21 verbose parsed url { protocol: null,
21 verbose parsed url   slashes: null,
21 verbose parsed url   auth: null,
21 verbose parsed url   host: null,
21 verbose parsed url   port: null,
21 verbose parsed url   hostname: null,
21 verbose parsed url   hash: null,
21 verbose parsed url   search: null,
21 verbose parsed url   query: null,
21 verbose parsed url   pathname: '~1.3.5',
21 verbose parsed url   path: '~1.3.5',
21 verbose parsed url   href: '~1.3.5' }
22 verbose addNamed [ 'cookie-parser', '~1.3.5' ]
23 verbose addNamed [ null, '>=1.3.5-0 <1.4.0-0' ]
24 verbose cache add name="debug" spec="~2.2.0" args=["debug","~2.2.0"]
25 verbose parsed url { protocol: null,
25 verbose parsed url   slashes: null,
25 verbose parsed url   auth: null,
25 verbose parsed url   host: null,
25 verbose parsed url   port: null,
25 verbose parsed url   hostname: null,
25 verbose parsed url   hash: null,
25 verbose parsed url   search: null,
25 verbose parsed url   query: null,
25 verbose parsed url   pathname: '~2.2.0',
25 verbose parsed url   path: '~2.2.0',
25 verbose parsed url   href: '~2.2.0' }
26 verbose addNamed [ 'debug', '~2.2.0' ]
27 verbose addNamed [ null, '>=2.2.0-0 <2.3.0-0' ]
28 verbose cache add name="express" spec="~4.12.4" args=["express","~4.12.4"]
29 verbose parsed url { protocol: null,
29 verbose parsed url   slashes: null,
29 verbose parsed url   auth: null,
29 verbose parsed url   host: null,
29 verbose parsed url   port: null,
29 verbose parsed url   hostname: null,
29 verbose parsed url   hash: null,
29 verbose parsed url   search: null,
29 verbose parsed url   query: null,
29 verbose parsed url   pathname: '~4.12.4',
29 verbose parsed url   path: '~4.12.4',
29 verbose parsed url   href: '~4.12.4' }
30 verbose addNamed [ 'express', '~4.12.4' ]
31 verbose addNamed [ null, '>=4.12.4-0 <4.13.0-0' ]
32 verbose cache add name="express-session" spec="^1.11.2" args=["express-session","^1.11.2"]
33 verbose parsed url { protocol: null,
33 verbose parsed url   slashes: null,
33 verbose parsed url   auth: null,
33 verbose parsed url   host: null,
33 verbose parsed url   port: null,
33 verbose parsed url   hostname: null,
33 verbose parsed url   hash: null,
33 verbose parsed url   search: null,
33 verbose parsed url   query: null,
33 verbose parsed url   pathname: '^1.11.2',
33 verbose parsed url   path: '^1.11.2',
33 verbose parsed url   href: '^1.11.2' }
34 verbose addNamed [ 'express-session', '^1.11.2' ]
35 verbose addNamed [ null, '>=1.11.2-0 <2.0.0-0' ]
36 verbose cache add [ 'jade@~1.9.2', null ]
37 verbose cache add name=undefined spec="jade@~1.9.2" args=["jade@~1.9.2",null]
38 verbose parsed url { protocol: null,
38 verbose parsed url   slashes: null,
38 verbose parsed url   auth: null,
38 verbose parsed url   host: null,
38 verbose parsed url   port: null,
38 verbose parsed url   hostname: null,
38 verbose parsed url   hash: null,
38 verbose parsed url   search: null,
38 verbose parsed url   query: null,
38 verbose parsed url   pathname: 'jade@~1.9.2',
38 verbose parsed url   path: 'jade@~1.9.2',
38 verbose parsed url   href: 'jade@~1.9.2' }
39 verbose cache add [ 'method-override@^2.3.3', null ]
40 verbose cache add name=undefined spec="method-override@^2.3.3" args=["method-override@^2.3.3",null]
41 verbose parsed url { protocol: null,
41 verbose parsed url   slashes: null,
41 verbose parsed url   auth: null,
41 verbose parsed url   host: null,
41 verbose parsed url   port: null,
41 verbose parsed url   hostname: null,
41 verbose parsed url   hash: null,
41 verbose parsed url   search: null,
41 verbose parsed url   query: null,
41 verbose parsed url   pathname: 'method-override@^2.3.3',
41 verbose parsed url   path: 'method-override@^2.3.3',
41 verbose parsed url   href: 'method-override@^2.3.3' }
42 verbose cache add [ 'mongoose@^4.0.3', null ]
43 verbose cache add name=undefined spec="mongoose@^4.0.3" args=["mongoose@^4.0.3",null]
44 verbose parsed url { protocol: null,
44 verbose parsed url   slashes: null,
44 verbose parsed url   auth: null,
44 verbose parsed url   host: null,
44 verbose parsed url   port: null,
44 verbose parsed url   hostname: null,
44 verbose parsed url   hash: null,
44 verbose parsed url   search: null,
44 verbose parsed url   query: null,
44 verbose parsed url   pathname: 'mongoose@^4.0.3',
44 verbose parsed url   path: 'mongoose@^4.0.3',
44 verbose parsed url   href: 'mongoose@^4.0.3' }
45 verbose cache add [ 'morgan@~1.5.3', null ]
46 verbose cache add name=undefined spec="morgan@~1.5.3" args=["morgan@~1.5.3",null]
47 verbose parsed url { protocol: null,
47 verbose parsed url   slashes: null,
47 verbose parsed url   auth: null,
47 verbose parsed url   host: null,
47 verbose parsed url   port: null,
47 verbose parsed url   hostname: null,
47 verbose parsed url   hash: null,
47 verbose parsed url   search: null,
47 verbose parsed url   query: null,
47 verbose parsed url   pathname: 'morgan@~1.5.3',
47 verbose parsed url   path: 'morgan@~1.5.3',
47 verbose parsed url   href: 'morgan@~1.5.3' }
48 verbose cache add [ 'passport@^0.2.2', null ]
49 verbose cache add name=undefined spec="passport@^0.2.2" args=["passport@^0.2.2",null]
50 verbose parsed url { protocol: null,
50 verbose parsed url   slashes: null,
50 verbose parsed url   auth: null,
50 verbose parsed url   host: null,
50 verbose parsed url   port: null,
50 verbose parsed url   hostname: null,
50 verbose parsed url   hash: null,
50 verbose parsed url   search: null,
50 verbose parsed url   query: null,
50 verbose parsed url   pathname: 'passport@^0.2.2',
50 verbose parsed url   path: 'passport@^0.2.2',
50 verbose parsed url   href: 'passport@^0.2.2' }
51 silly lockFile 34d2ac1d-cookie-parser-1-3-5 cookie-parser@~1.3.5
52 verbose lock cookie-parser@~1.3.5 /home/oscar/.npm/34d2ac1d-cookie-parser-1-3-5.lock
53 silly lockFile 7986b842-debug-2-2-0 debug@~2.2.0
54 verbose lock debug@~2.2.0 /home/oscar/.npm/7986b842-debug-2-2-0.lock
55 silly lockFile 8d972283-express-4-12-4 express@~4.12.4
56 verbose lock express@~4.12.4 /home/oscar/.npm/8d972283-express-4-12-4.lock
57 silly lockFile 0c19d39e-express-session-1-11-2 express-session@^1.11.2
58 verbose lock express-session@^1.11.2 /home/oscar/.npm/0c19d39e-express-session-1-11-2.lock
59 verbose cache add name="jade" spec="~1.9.2" args=["jade","~1.9.2"]
60 verbose parsed url { protocol: null,
60 verbose parsed url   slashes: null,
60 verbose parsed url   auth: null,
60 verbose parsed url   host: null,
60 verbose parsed url   port: null,
60 verbose parsed url   hostname: null,
60 verbose parsed url   hash: null,
60 verbose parsed url   search: null,
60 verbose parsed url   query: null,
60 verbose parsed url   pathname: '~1.9.2',
60 verbose parsed url   path: '~1.9.2',
60 verbose parsed url   href: '~1.9.2' }
61 verbose addNamed [ 'jade', '~1.9.2' ]
62 verbose addNamed [ null, '>=1.9.2-0 <1.10.0-0' ]
63 silly lockFile ee522cbd-jade-1-9-2 jade@~1.9.2
64 verbose lock jade@~1.9.2 /home/oscar/.npm/ee522cbd-jade-1-9-2.lock
65 verbose cache add name="method-override" spec="^2.3.3" args=["method-override","^2.3.3"]
66 verbose parsed url { protocol: null,
66 verbose parsed url   slashes: null,
66 verbose parsed url   auth: null,
66 verbose parsed url   host: null,
66 verbose parsed url   port: null,
66 verbose parsed url   hostname: null,
66 verbose parsed url   hash: null,
66 verbose parsed url   search: null,
66 verbose parsed url   query: null,
66 verbose parsed url   pathname: '^2.3.3',
66 verbose parsed url   path: '^2.3.3',
66 verbose parsed url   href: '^2.3.3' }
67 verbose addNamed [ 'method-override', '^2.3.3' ]
68 verbose addNamed [ null, '>=2.3.3-0 <3.0.0-0' ]
69 silly lockFile f804fdef-method-override-2-3-3 method-override@^2.3.3
70 verbose lock method-override@^2.3.3 /home/oscar/.npm/f804fdef-method-override-2-3-3.lock
71 verbose cache add name="mongoose" spec="^4.0.3" args=["mongoose","^4.0.3"]
72 verbose parsed url { protocol: null,
72 verbose parsed url   slashes: null,
72 verbose parsed url   auth: null,
72 verbose parsed url   host: null,
72 verbose parsed url   port: null,
72 verbose parsed url   hostname: null,
72 verbose parsed url   hash: null,
72 verbose parsed url   search: null,
72 verbose parsed url   query: null,
72 verbose parsed url   pathname: '^4.0.3',
72 verbose parsed url   path: '^4.0.3',
72 verbose parsed url   href: '^4.0.3' }
73 verbose addNamed [ 'mongoose', '^4.0.3' ]
74 verbose addNamed [ null, '>=4.0.3-0 <5.0.0-0' ]
75 silly lockFile c2d003a5-mongoose-4-0-3 mongoose@^4.0.3
76 verbose lock mongoose@^4.0.3 /home/oscar/.npm/c2d003a5-mongoose-4-0-3.lock
77 verbose cache add name="morgan" spec="~1.5.3" args=["morgan","~1.5.3"]
78 verbose parsed url { protocol: null,
78 verbose parsed url   slashes: null,
78 verbose parsed url   auth: null,
78 verbose parsed url   host: null,
78 verbose parsed url   port: null,
78 verbose parsed url   hostname: null,
78 verbose parsed url   hash: null,
78 verbose parsed url   search: null,
78 verbose parsed url   query: null,
78 verbose parsed url   pathname: '~1.5.3',
78 verbose parsed url   path: '~1.5.3',
78 verbose parsed url   href: '~1.5.3' }
79 verbose addNamed [ 'morgan', '~1.5.3' ]
80 verbose addNamed [ null, '>=1.5.3-0 <1.6.0-0' ]
81 silly lockFile 23e862d0-morgan-1-5-3 morgan@~1.5.3
82 verbose lock morgan@~1.5.3 /home/oscar/.npm/23e862d0-morgan-1-5-3.lock
83 verbose cache add [ 'passport-facebook@^2.0.0', null ]
84 verbose cache add name=undefined spec="passport-facebook@^2.0.0" args=["passport-facebook@^2.0.0",null]
85 verbose parsed url { protocol: null,
85 verbose parsed url   slashes: null,
85 verbose parsed url   auth: null,
85 verbose parsed url   host: null,
85 verbose parsed url   port: null,
85 verbose parsed url   hostname: null,
85 verbose parsed url   hash: null,
85 verbose parsed url   search: null,
85 verbose parsed url   query: null,
85 verbose parsed url   pathname: 'passport-facebook@^2.0.0',
85 verbose parsed url   path: 'passport-facebook@^2.0.0',
85 verbose parsed url   href: 'passport-facebook@^2.0.0' }
86 verbose cache add [ 'passport-google-plus@^0.5.1', null ]
87 verbose cache add name=undefined spec="passport-google-plus@^0.5.1" args=["passport-google-plus@^0.5.1",null]
88 verbose parsed url { protocol: null,
88 verbose parsed url   slashes: null,
88 verbose parsed url   auth: null,
88 verbose parsed url   host: null,
88 verbose parsed url   port: null,
88 verbose parsed url   hostname: null,
88 verbose parsed url   hash: null,
88 verbose parsed url   search: null,
88 verbose parsed url   query: null,
88 verbose parsed url   pathname: 'passport-google-plus@^0.5.1',
88 verbose parsed url   path: 'passport-google-plus@^0.5.1',
88 verbose parsed url   href: 'passport-google-plus@^0.5.1' }
89 verbose cache add [ 'passport-twitter@^1.0.3', null ]
90 verbose cache add name=undefined spec="passport-twitter@^1.0.3" args=["passport-twitter@^1.0.3",null]
91 verbose parsed url { protocol: null,
91 verbose parsed url   slashes: null,
91 verbose parsed url   auth: null,
91 verbose parsed url   host: null,
91 verbose parsed url   port: null,
91 verbose parsed url   hostname: null,
91 verbose parsed url   hash: null,
91 verbose parsed url   search: null,
91 verbose parsed url   query: null,
91 verbose parsed url   pathname: 'passport-twitter@^1.0.3',
91 verbose parsed url   path: 'passport-twitter@^1.0.3',
91 verbose parsed url   href: 'passport-twitter@^1.0.3' }
92 verbose cache add [ 'serve-favicon@~2.2.1', null ]
93 verbose cache add name=undefined spec="serve-favicon@~2.2.1" args=["serve-favicon@~2.2.1",null]
94 verbose parsed url { protocol: null,
94 verbose parsed url   slashes: null,
94 verbose parsed url   auth: null,
94 verbose parsed url   host: null,
94 verbose parsed url   port: null,
94 verbose parsed url   hostname: null,
94 verbose parsed url   hash: null,
94 verbose parsed url   search: null,
94 verbose parsed url   query: null,
94 verbose parsed url   pathname: 'serve-favicon@~2.2.1',
94 verbose parsed url   path: 'serve-favicon@~2.2.1',
94 verbose parsed url   href: 'serve-favicon@~2.2.1' }
95 verbose cache add [ 'stylus@0.42.3', null ]
96 verbose cache add name=undefined spec="stylus@0.42.3" args=["stylus@0.42.3",null]
97 verbose parsed url { protocol: null,
97 verbose parsed url   slashes: null,
97 verbose parsed url   auth: null,
97 verbose parsed url   host: null,
97 verbose parsed url   port: null,
97 verbose parsed url   hostname: null,
97 verbose parsed url   hash: null,
97 verbose parsed url   search: null,
97 verbose parsed url   query: null,
97 verbose parsed url   pathname: 'stylus@0.42.3',
97 verbose parsed url   path: 'stylus@0.42.3',
97 verbose parsed url   href: 'stylus@0.42.3' }
98 verbose cache add [ 'body-parser@~1.12.4', null ]
99 verbose cache add name=undefined spec="body-parser@~1.12.4" args=["body-parser@~1.12.4",null]
100 verbose parsed url { protocol: null,
100 verbose parsed url   slashes: null,
100 verbose parsed url   auth: null,
100 verbose parsed url   host: null,
100 verbose parsed url   port: null,
100 verbose parsed url   hostname: null,
100 verbose parsed url   hash: null,
100 verbose parsed url   search: null,
100 verbose parsed url   query: null,
100 verbose parsed url   pathname: 'body-parser@~1.12.4',
100 verbose parsed url   path: 'body-parser@~1.12.4',
100 verbose parsed url   href: 'body-parser@~1.12.4' }
101 verbose cache add name="passport" spec="^0.2.2" args=["passport","^0.2.2"]
102 verbose parsed url { protocol: null,
102 verbose parsed url   slashes: null,
102 verbose parsed url   auth: null,
102 verbose parsed url   host: null,
102 verbose parsed url   port: null,
102 verbose parsed url   hostname: null,
102 verbose parsed url   hash: null,
102 verbose parsed url   search: null,
102 verbose parsed url   query: null,
102 verbose parsed url   pathname: '^0.2.2',
102 verbose parsed url   path: '^0.2.2',
102 verbose parsed url   href: '^0.2.2' }
103 verbose addNamed [ 'passport', '^0.2.2' ]
104 verbose addNamed [ null, '>=0.2.2-0 <0.3.0-0' ]
105 silly lockFile 9b091f9c-passport-0-2-2 passport@^0.2.2
106 verbose lock passport@^0.2.2 /home/oscar/.npm/9b091f9c-passport-0-2-2.lock
107 verbose cache add name="passport-facebook" spec="^2.0.0" args=["passport-facebook","^2.0.0"]
108 verbose parsed url { protocol: null,
108 verbose parsed url   slashes: null,
108 verbose parsed url   auth: null,
108 verbose parsed url   host: null,
108 verbose parsed url   port: null,
108 verbose parsed url   hostname: null,
108 verbose parsed url   hash: null,
108 verbose parsed url   search: null,
108 verbose parsed url   query: null,
108 verbose parsed url   pathname: '^2.0.0',
108 verbose parsed url   path: '^2.0.0',
108 verbose parsed url   href: '^2.0.0' }
109 verbose addNamed [ 'passport-facebook', '^2.0.0' ]
110 verbose addNamed [ null, '>=2.0.0-0 <3.0.0-0' ]
111 silly lockFile 3684bfeb-passport-facebook-2-0-0 passport-facebook@^2.0.0
112 verbose lock passport-facebook@^2.0.0 /home/oscar/.npm/3684bfeb-passport-facebook-2-0-0.lock
113 verbose cache add name="passport-google-plus" spec="^0.5.1" args=["passport-google-plus","^0.5.1"]
114 verbose parsed url { protocol: null,
114 verbose parsed url   slashes: null,
114 verbose parsed url   auth: null,
114 verbose parsed url   host: null,
114 verbose parsed url   port: null,
114 verbose parsed url   hostname: null,
114 verbose parsed url   hash: null,
114 verbose parsed url   search: null,
114 verbose parsed url   query: null,
114 verbose parsed url   pathname: '^0.5.1',
114 verbose parsed url   path: '^0.5.1',
114 verbose parsed url   href: '^0.5.1' }
115 verbose addNamed [ 'passport-google-plus', '^0.5.1' ]
116 verbose addNamed [ null, '>=0.5.1-0 <0.6.0-0' ]
117 silly lockFile 5c75d22a-passport-google-plus-0-5-1 passport-google-plus@^0.5.1
118 verbose lock passport-google-plus@^0.5.1 /home/oscar/.npm/5c75d22a-passport-google-plus-0-5-1.lock
119 verbose cache add name="passport-twitter" spec="^1.0.3" args=["passport-twitter","^1.0.3"]
120 verbose parsed url { protocol: null,
120 verbose parsed url   slashes: null,
120 verbose parsed url   auth: null,
120 verbose parsed url   host: null,
120 verbose parsed url   port: null,
120 verbose parsed url   hostname: null,
120 verbose parsed url   hash: null,
120 verbose parsed url   search: null,
120 verbose parsed url   query: null,
120 verbose parsed url   pathname: '^1.0.3',
120 verbose parsed url   path: '^1.0.3',
120 verbose parsed url   href: '^1.0.3' }
121 verbose addNamed [ 'passport-twitter', '^1.0.3' ]
122 verbose addNamed [ null, '>=1.0.3-0 <2.0.0-0' ]
123 silly lockFile 7f2b66ed-passport-twitter-1-0-3 passport-twitter@^1.0.3
124 verbose lock passport-twitter@^1.0.3 /home/oscar/.npm/7f2b66ed-passport-twitter-1-0-3.lock
125 verbose cache add name="serve-favicon" spec="~2.2.1" args=["serve-favicon","~2.2.1"]
126 verbose parsed url { protocol: null,
126 verbose parsed url   slashes: null,
126 verbose parsed url   auth: null,
126 verbose parsed url   host: null,
126 verbose parsed url   port: null,
126 verbose parsed url   hostname: null,
126 verbose parsed url   hash: null,
126 verbose parsed url   search: null,
126 verbose parsed url   query: null,
126 verbose parsed url   pathname: '~2.2.1',
126 verbose parsed url   path: '~2.2.1',
126 verbose parsed url   href: '~2.2.1' }
127 verbose addNamed [ 'serve-favicon', '~2.2.1' ]
128 verbose addNamed [ null, '>=2.2.1-0 <2.3.0-0' ]
129 silly lockFile b7ae84e2-serve-favicon-2-2-1 serve-favicon@~2.2.1
130 verbose lock serve-favicon@~2.2.1 /home/oscar/.npm/b7ae84e2-serve-favicon-2-2-1.lock
131 verbose cache add name="stylus" spec="0.42.3" args=["stylus","0.42.3"]
132 verbose parsed url { protocol: null,
132 verbose parsed url   slashes: null,
132 verbose parsed url   auth: null,
132 verbose parsed url   host: null,
132 verbose parsed url   port: null,
132 verbose parsed url   hostname: null,
132 verbose parsed url   hash: null,
132 verbose parsed url   search: null,
132 verbose parsed url   query: null,
132 verbose parsed url   pathname: '0.42.3',
132 verbose parsed url   path: '0.42.3',
132 verbose parsed url   href: '0.42.3' }
133 verbose addNamed [ 'stylus', '0.42.3' ]
134 verbose addNamed [ '0.42.3', '0.42.3' ]
135 silly lockFile fb5b2923-stylus-0-42-3 stylus@0.42.3
136 verbose lock stylus@0.42.3 /home/oscar/.npm/fb5b2923-stylus-0-42-3.lock
137 verbose cache add name="body-parser" spec="~1.12.4" args=["body-parser","~1.12.4"]
138 verbose parsed url { protocol: null,
138 verbose parsed url   slashes: null,
138 verbose parsed url   auth: null,
138 verbose parsed url   host: null,
138 verbose parsed url   port: null,
138 verbose parsed url   hostname: null,
138 verbose parsed url   hash: null,
138 verbose parsed url   search: null,
138 verbose parsed url   query: null,
138 verbose parsed url   pathname: '~1.12.4',
138 verbose parsed url   path: '~1.12.4',
138 verbose parsed url   href: '~1.12.4' }
139 verbose addNamed [ 'body-parser', '~1.12.4' ]
140 verbose addNamed [ null, '>=1.12.4-0 <1.13.0-0' ]
141 silly lockFile 6b6495e4-body-parser-1-12-4 body-parser@~1.12.4
142 verbose lock body-parser@~1.12.4 /home/oscar/.npm/6b6495e4-body-parser-1-12-4.lock
143 silly addNameRange { name: 'cookie-parser',
143 silly addNameRange   range: '>=1.3.5-0 <1.4.0-0',
143 silly addNameRange   hasData: false }
144 silly addNameRange { name: 'debug', range: '>=2.2.0-0 <2.3.0-0', hasData: false }
145 silly addNameRange { name: 'method-override',
145 silly addNameRange   range: '>=2.3.3-0 <3.0.0-0',
145 silly addNameRange   hasData: false }
146 silly addNameRange { name: 'mongoose', range: '>=4.0.3-0 <5.0.0-0', hasData: false }
147 silly addNameRange { name: 'morgan', range: '>=1.5.3-0 <1.6.0-0', hasData: false }
148 silly addNameRange { name: 'express',
148 silly addNameRange   range: '>=4.12.4-0 <4.13.0-0',
148 silly addNameRange   hasData: false }
149 silly addNameRange { name: 'passport', range: '>=0.2.2-0 <0.3.0-0', hasData: false }
150 silly addNameRange { name: 'express-session',
150 silly addNameRange   range: '>=1.11.2-0 <2.0.0-0',
150 silly addNameRange   hasData: false }
151 silly addNameRange { name: 'jade', range: '>=1.9.2-0 <1.10.0-0', hasData: false }
152 silly addNameRange { name: 'passport-facebook',
152 silly addNameRange   range: '>=2.0.0-0 <3.0.0-0',
152 silly addNameRange   hasData: false }
153 silly addNameRange { name: 'passport-google-plus',
153 silly addNameRange   range: '>=0.5.1-0 <0.6.0-0',
153 silly addNameRange   hasData: false }
154 silly addNameRange { name: 'passport-twitter',
154 silly addNameRange   range: '>=1.0.3-0 <2.0.0-0',
154 silly addNameRange   hasData: false }
155 silly addNameRange { name: 'serve-favicon',
155 silly addNameRange   range: '>=2.2.1-0 <2.3.0-0',
155 silly addNameRange   hasData: false }
156 silly addNameRange { name: 'body-parser',
156 silly addNameRange   range: '>=1.12.4-0 <1.13.0-0',
156 silly addNameRange   hasData: false }
157 verbose request where is /morgan
158 verbose request registry https://registry.npmjs.org/
159 verbose request id 5d6a2f5ad3101be6
160 verbose url raw /morgan
161 verbose url resolving [ 'https://registry.npmjs.org/', './morgan' ]
162 verbose url resolved https://registry.npmjs.org/morgan
163 verbose request where is https://registry.npmjs.org/morgan
164 info trying registry request attempt 1 at 21:57:30
165 verbose etag "A9DC2HGXSJ7ZSVQ30W8CLNXP9"
166 http GET https://registry.npmjs.org/morgan
167 verbose request where is /cookie-parser
168 verbose request registry https://registry.npmjs.org/
169 verbose url raw /cookie-parser
170 verbose url resolving [ 'https://registry.npmjs.org/', './cookie-parser' ]
171 verbose url resolved https://registry.npmjs.org/cookie-parser
172 verbose request where is https://registry.npmjs.org/cookie-parser
173 info trying registry request attempt 1 at 21:57:30
174 verbose etag "DNWOLCWH6VGQO2BX5RUVRKF7L"
175 http GET https://registry.npmjs.org/cookie-parser
176 verbose request where is /passport
177 verbose request registry https://registry.npmjs.org/
178 verbose url raw /passport
179 verbose url resolving [ 'https://registry.npmjs.org/', './passport' ]
180 verbose url resolved https://registry.npmjs.org/passport
181 verbose request where is https://registry.npmjs.org/passport
182 info trying registry request attempt 1 at 21:57:30
183 verbose etag "8OCAE2Q108L18ZHZ5HG743AJH"
184 http GET https://registry.npmjs.org/passport
185 verbose request where is /method-override
186 verbose request registry https://registry.npmjs.org/
187 verbose url raw /method-override
188 verbose url resolving [ 'https://registry.npmjs.org/', './method-override' ]
189 verbose url resolved https://registry.npmjs.org/method-override
190 verbose request where is https://registry.npmjs.org/method-override
191 info trying registry request attempt 1 at 21:57:30
192 verbose etag "9U8VYFD7568QYVFULM8TTIY2D"
193 http GET https://registry.npmjs.org/method-override
194 verbose request where is /passport-facebook
195 verbose request registry https://registry.npmjs.org/
196 verbose url raw /passport-facebook
197 verbose url resolving [ 'https://registry.npmjs.org/', './passport-facebook' ]
198 verbose url resolved https://registry.npmjs.org/passport-facebook
199 verbose request where is https://registry.npmjs.org/passport-facebook
200 info trying registry request attempt 1 at 21:57:30
201 verbose etag "D0RPTA2OQDYF2NXDK9C8DRP10"
202 http GET https://registry.npmjs.org/passport-facebook
203 verbose request where is /express
204 verbose request registry https://registry.npmjs.org/
205 verbose url raw /express
206 verbose url resolving [ 'https://registry.npmjs.org/', './express' ]
207 verbose url resolved https://registry.npmjs.org/express
208 verbose request where is https://registry.npmjs.org/express
209 info trying registry request attempt 1 at 21:57:30
210 verbose etag "BOVU43XM5J04685BXIGQNA89E"
211 http GET https://registry.npmjs.org/express
212 verbose request where is /mongoose
213 verbose request registry https://registry.npmjs.org/
214 verbose url raw /mongoose
215 verbose url resolving [ 'https://registry.npmjs.org/', './mongoose' ]
216 verbose url resolved https://registry.npmjs.org/mongoose
217 verbose request where is https://registry.npmjs.org/mongoose
218 info trying registry request attempt 1 at 21:57:30
219 verbose etag "9FJASD9G9F7TMERAQHOJI07CJ"
220 http GET https://registry.npmjs.org/mongoose
221 verbose request where is /express-session
222 verbose request registry https://registry.npmjs.org/
223 verbose url raw /express-session
224 verbose url resolving [ 'https://registry.npmjs.org/', './express-session' ]
225 verbose url resolved https://registry.npmjs.org/express-session
226 verbose request where is https://registry.npmjs.org/express-session
227 info trying registry request attempt 1 at 21:57:30
228 verbose etag "8N0H6QR3JNKLP11ZY4GMLOQXR"
229 http GET https://registry.npmjs.org/express-session
230 verbose request where is /body-parser
231 verbose request registry https://registry.npmjs.org/
232 verbose url raw /body-parser
233 verbose url resolving [ 'https://registry.npmjs.org/', './body-parser' ]
234 verbose url resolved https://registry.npmjs.org/body-parser
235 verbose request where is https://registry.npmjs.org/body-parser
236 info trying registry request attempt 1 at 21:57:30
237 verbose etag "83LFOF8CDD7Y0F5NMU3O77AGG"
238 http GET https://registry.npmjs.org/body-parser
239 verbose request where is /passport-google-plus
240 verbose request registry https://registry.npmjs.org/
241 verbose url raw /passport-google-plus
242 verbose url resolving [ 'https://registry.npmjs.org/', './passport-google-plus' ]
243 verbose url resolved https://registry.npmjs.org/passport-google-plus
244 verbose request where is https://registry.npmjs.org/passport-google-plus
245 info trying registry request attempt 1 at 21:57:30
246 verbose etag "D5N42WWD4X7F9PFS1KMHGNJUW"
247 http GET https://registry.npmjs.org/passport-google-plus
248 verbose request where is /passport-twitter
249 verbose request registry https://registry.npmjs.org/
250 verbose url raw /passport-twitter
251 verbose url resolving [ 'https://registry.npmjs.org/', './passport-twitter' ]
252 verbose url resolved https://registry.npmjs.org/passport-twitter
253 verbose request where is https://registry.npmjs.org/passport-twitter
254 info trying registry request attempt 1 at 21:57:30
255 verbose etag "6OFR66YZRNQSSPSYGFBTKNO41"
256 http GET https://registry.npmjs.org/passport-twitter
257 verbose request where is /serve-favicon
258 verbose request registry https://registry.npmjs.org/
259 verbose url raw /serve-favicon
260 verbose url resolving [ 'https://registry.npmjs.org/', './serve-favicon' ]
261 verbose url resolved https://registry.npmjs.org/serve-favicon
262 verbose request where is https://registry.npmjs.org/serve-favicon
263 info trying registry request attempt 1 at 21:57:30
264 verbose etag "5Y4HGQMBADUMR86B2JU87PD4Y"
265 http GET https://registry.npmjs.org/serve-favicon
266 verbose request where is /stylus
267 verbose request registry https://registry.npmjs.org/
268 verbose url raw /stylus
269 verbose url resolving [ 'https://registry.npmjs.org/', './stylus' ]
270 verbose url resolved https://registry.npmjs.org/stylus
271 verbose request where is https://registry.npmjs.org/stylus
272 info trying registry request attempt 1 at 21:57:30
273 verbose etag "790LCRSP5DEN4E7XPG09P5EEP"
274 http GET https://registry.npmjs.org/stylus
275 verbose request where is /jade
276 verbose request registry https://registry.npmjs.org/
277 verbose url raw /jade
278 verbose url resolving [ 'https://registry.npmjs.org/', './jade' ]
279 verbose url resolved https://registry.npmjs.org/jade
280 verbose request where is https://registry.npmjs.org/jade
281 info trying registry request attempt 1 at 21:57:30
282 verbose etag "14YD0VU0A0ZDCOSDPK8Z4WLHN"
283 http GET https://registry.npmjs.org/jade
284 verbose request where is /debug
285 verbose request registry https://registry.npmjs.org/
286 verbose url raw /debug
287 verbose url resolving [ 'https://registry.npmjs.org/', './debug' ]
288 verbose url resolved https://registry.npmjs.org/debug
289 verbose request where is https://registry.npmjs.org/debug
290 info trying registry request attempt 1 at 21:57:30
291 verbose etag "CA07Y5MZDQG3OERVCLTEDY9IL"
292 http GET https://registry.npmjs.org/debug
293 http 304 https://registry.npmjs.org/cookie-parser
294 silly registry.get cb [ 304,
294 silly registry.get   { date: 'Tue, 02 Jun 2015 03:57:31 GMT',
294 silly registry.get     via: '1.1 varnish',
294 silly registry.get     'cache-control': 'max-age=60',
294 silly registry.get     etag: '"DNWOLCWH6VGQO2BX5RUVRKF7L"',
294 silly registry.get     age: '11',
294 silly registry.get     connection: 'keep-alive',
294 silly registry.get     'x-served-by': 'cache-iad2122-IAD',
294 silly registry.get     'x-cache': 'HIT',
294 silly registry.get     'x-cache-hits': '1',
294 silly registry.get     'x-timer': 'S1433217451.163398,VS0,VE0',
294 silly registry.get     vary: 'Accept' } ]
295 verbose etag https://registry.npmjs.org/cookie-parser from cache
296 http 304 https://registry.npmjs.org/passport
297 silly registry.get cb [ 304,
297 silly registry.get   { date: 'Tue, 02 Jun 2015 03:57:31 GMT',
297 silly registry.get     via: '1.1 varnish',
297 silly registry.get     'cache-control': 'max-age=60',
297 silly registry.get     etag: '"8OCAE2Q108L18ZHZ5HG743AJH"',
297 silly registry.get     age: '4',
297 silly registry.get     connection: 'keep-alive',
297 silly registry.get     'x-served-by': 'cache-iad2143-IAD',
297 silly registry.get     'x-cache': 'HIT',
297 silly registry.get     'x-cache-hits': '1',
297 silly registry.get     'x-timer': 'S1433217451.168072,VS0,VE0',
297 silly registry.get     vary: 'Accept' } ]
298 verbose etag https://registry.npmjs.org/passport from cache
299 http 304 https://registry.npmjs.org/morgan
300 silly registry.get cb [ 304,
300 silly registry.get   { date: 'Tue, 02 Jun 2015 03:57:31 GMT',
300 silly registry.get     via: '1.1 varnish',
300 silly registry.get     'cache-control': 'max-age=60',
300 silly registry.get     etag: '"A9DC2HGXSJ7ZSVQ30W8CLNXP9"',
300 silly registry.get     age: '11',
300 silly registry.get     connection: 'keep-alive',
300 silly registry.get     'x-served-by': 'cache-iad2131-IAD',
300 silly registry.get     'x-cache': 'HIT',
300 silly registry.get     'x-cache-hits': '1',
300 silly registry.get     'x-timer': 'S1433217451.189915,VS0,VE1',
300 silly registry.get     vary: 'Accept' } ]
301 verbose etag https://registry.npmjs.org/morgan from cache
302 silly addNameRange number 2 { name: 'morgan', range: '>=1.5.3-0 <1.6.0-0', hasData: true }
303 silly addNameRange versions [ 'morgan',
303 silly addNameRange   [ '1.0.0',
303 silly addNameRange     '1.0.1',
303 silly addNameRange     '1.1.0',
303 silly addNameRange     '1.1.1',
303 silly addNameRange     '1.2.0',
303 silly addNameRange     '1.2.1',
303 silly addNameRange     '1.2.2',
303 silly addNameRange     '1.2.3',
303 silly addNameRange     '1.3.0',
303 silly addNameRange     '1.3.1',
303 silly addNameRange     '1.3.2',
303 silly addNameRange     '1.4.0',
303 silly addNameRange     '1.4.1',
303 silly addNameRange     '1.5.0',
303 silly addNameRange     '1.5.1',
303 silly addNameRange     '1.5.2',
303 silly addNameRange     '1.5.3' ] ]
304 verbose addNamed [ 'morgan', '1.5.3' ]
305 verbose addNamed [ '1.5.3', '1.5.3' ]
306 silly lockFile 012ce855-morgan-1-5-3 morgan@1.5.3
307 verbose lock morgan@1.5.3 /home/oscar/.npm/012ce855-morgan-1-5-3.lock
308 http 304 https://registry.npmjs.org/passport-facebook
309 silly registry.get cb [ 304,
309 silly registry.get   { date: 'Tue, 02 Jun 2015 03:57:31 GMT',
309 silly registry.get     via: '1.1 varnish',
309 silly registry.get     'cache-control': 'max-age=60',
309 silly registry.get     etag: '"D0RPTA2OQDYF2NXDK9C8DRP10"',
309 silly registry.get     age: '41',
309 silly registry.get     connection: 'keep-alive',
309 silly registry.get     'x-served-by': 'cache-iad2135-IAD',
309 silly registry.get     'x-cache': 'HIT',
309 silly registry.get     'x-cache-hits': '1',
309 silly registry.get     'x-timer': 'S1433217451.201636,VS0,VE0',
309 silly registry.get     vary: 'Accept' } ]
310 verbose etag https://registry.npmjs.org/passport-facebook from cache
311 silly addNameRange number 2 { name: 'cookie-parser',
311 silly addNameRange   range: '>=1.3.5-0 <1.4.0-0',
311 silly addNameRange   hasData: true }
312 silly addNameRange versions [ 'cookie-parser',
312 silly addNameRange   [ '1.0.0',
312 silly addNameRange     '1.0.1',
312 silly addNameRange     '1.1.0',
312 silly addNameRange     '1.2.0',
312 silly addNameRange     '1.3.0',
312 silly addNameRange     '1.3.1',
312 silly addNameRange     '1.3.2',
312 silly addNameRange     '1.3.3',
312 silly addNameRange     '1.3.4',
312 silly addNameRange     '1.3.5' ] ]
313 verbose addNamed [ 'cookie-parser', '1.3.5' ]
314 verbose addNamed [ '1.3.5', '1.3.5' ]
315 silly lockFile b6f1abc3-cookie-parser-1-3-5 cookie-parser@1.3.5
316 verbose lock cookie-parser@1.3.5 /home/oscar/.npm/b6f1abc3-cookie-parser-1-3-5.lock
317 silly addNameRange number 2 { name: 'passport', range: '>=0.2.2-0 <0.3.0-0', hasData: true }
318 silly addNameRange versions [ 'passport',
318 silly addNameRange   [ '0.1.0',
318 silly addNameRange     '0.1.1',
318 silly addNameRange     '0.1.2',
318 silly addNameRange     '0.1.3',
318 silly addNameRange     '0.1.4',
318 silly addNameRange     '0.1.5',
318 silly addNameRange     '0.1.6',
318 silly addNameRange     '0.1.7',
318 silly addNameRange     '0.1.8',
318 silly addNameRange     '0.1.9',
318 silly addNameRange     '0.1.10',
318 silly addNameRange     '0.1.11',
318 silly addNameRange     '0.1.12',
318 silly addNameRange     '0.1.13',
318 silly addNameRange     '0.1.14',
318 silly addNameRange     '0.1.15',
318 silly addNameRange     '0.1.16',
318 silly addNameRange     '0.1.17',
318 silly addNameRange     '0.1.18',
318 silly addNameRange     '0.2.0',
318 silly addNameRange     '0.2.1',
318 silly addNameRange     '0.2.2' ] ]
319 verbose addNamed [ 'passport', '0.2.2' ]
320 verbose addNamed [ '0.2.2', '0.2.2' ]
321 silly lockFile e0584552-passport-0-2-2 passport@0.2.2
322 verbose lock passport@0.2.2 /home/oscar/.npm/e0584552-passport-0-2-2.lock
323 silly addNameRange number 2 { name: 'passport-facebook',
323 silly addNameRange   range: '>=2.0.0-0 <3.0.0-0',
323 silly addNameRange   hasData: true }
324 silly addNameRange versions [ 'passport-facebook',
324 silly addNameRange   [ '0.1.0',
324 silly addNameRange     '0.1.1',
324 silly addNameRange     '0.1.2',
324 silly addNameRange     '0.1.3',
324 silly addNameRange     '0.1.4',
324 silly addNameRange     '0.1.5',
324 silly addNameRange     '0.1.6',
324 silly addNameRange     '1.0.0',
324 silly addNameRange     '1.0.1',
324 silly addNameRange     '1.0.2',
324 silly addNameRange     '1.0.3',
324 silly addNameRange     '2.0.0' ] ]
325 verbose addNamed [ 'passport-facebook', '2.0.0' ]
326 verbose addNamed [ '2.0.0', '2.0.0' ]
327 silly lockFile 747c92ab-passport-facebook-2-0-0 passport-facebook@2.0.0
328 verbose lock passport-facebook@2.0.0 /home/oscar/.npm/747c92ab-passport-facebook-2-0-0.lock
329 silly lockFile b6f1abc3-cookie-parser-1-3-5 cookie-parser@1.3.5
330 silly lockFile b6f1abc3-cookie-parser-1-3-5 cookie-parser@1.3.5
331 silly lockFile 34d2ac1d-cookie-parser-1-3-5 cookie-parser@~1.3.5
332 silly lockFile 34d2ac1d-cookie-parser-1-3-5 cookie-parser@~1.3.5
333 silly lockFile 747c92ab-passport-facebook-2-0-0 passport-facebook@2.0.0
334 silly lockFile 747c92ab-passport-facebook-2-0-0 passport-facebook@2.0.0
335 silly lockFile 3684bfeb-passport-facebook-2-0-0 passport-facebook@^2.0.0
336 silly lockFile 3684bfeb-passport-facebook-2-0-0 passport-facebook@^2.0.0
337 silly lockFile e0584552-passport-0-2-2 passport@0.2.2
338 silly lockFile e0584552-passport-0-2-2 passport@0.2.2
339 silly lockFile 9b091f9c-passport-0-2-2 passport@^0.2.2
340 silly lockFile 9b091f9c-passport-0-2-2 passport@^0.2.2
341 silly lockFile 012ce855-morgan-1-5-3 morgan@1.5.3
342 silly lockFile 012ce855-morgan-1-5-3 morgan@1.5.3
343 silly lockFile 23e862d0-morgan-1-5-3 morgan@~1.5.3
344 silly lockFile 23e862d0-morgan-1-5-3 morgan@~1.5.3
345 http 304 https://registry.npmjs.org/method-override
346 silly registry.get cb [ 304,
346 silly registry.get   { date: 'Tue, 02 Jun 2015 03:57:31 GMT',
346 silly registry.get     via: '1.1 varnish',
346 silly registry.get     'cache-control': 'max-age=60',
346 silly registry.get     etag: '"9U8VYFD7568QYVFULM8TTIY2D"',
346 silly registry.get     age: '49',
346 silly registry.get     connection: 'keep-alive',
346 silly registry.get     'x-served-by': 'cache-iad2138-IAD',
346 silly registry.get     'x-cache': 'HIT',
346 silly registry.get     'x-cache-hits': '1',
346 silly registry.get     'x-timer': 'S1433217451.491594,VS0,VE0',
346 silly registry.get     vary: 'Accept' } ]
347 verbose etag https://registry.npmjs.org/method-override from cache
348 silly addNameRange number 2 { name: 'method-override',
348 silly addNameRange   range: '>=2.3.3-0 <3.0.0-0',
348 silly addNameRange   hasData: true }
349 silly addNameRange versions [ 'method-override',
349 silly addNameRange   [ '1.0.0',
349 silly addNameRange     '1.0.1',
349 silly addNameRange     '1.0.2',
349 silly addNameRange     '2.0.0',
349 silly addNameRange     '2.0.1',
349 silly addNameRange     '2.0.2',
349 silly addNameRange     '2.1.0',
349 silly addNameRange     '2.1.1',
349 silly addNameRange     '2.1.2',
349 silly addNameRange     '2.1.3',
349 silly addNameRange     '2.2.0',
349 silly addNameRange     '2.3.0',
349 silly addNameRange     '2.3.1',
349 silly addNameRange     '2.3.2',
349 silly addNameRange     '2.3.3' ] ]
350 verbose addNamed [ 'method-override', '2.3.3' ]
351 verbose addNamed [ '2.3.3', '2.3.3' ]
352 silly lockFile 000b6bab-method-override-2-3-3 method-override@2.3.3
353 verbose lock method-override@2.3.3 /home/oscar/.npm/000b6bab-method-override-2-3-3.lock
354 silly lockFile 000b6bab-method-override-2-3-3 method-override@2.3.3
355 silly lockFile 000b6bab-method-override-2-3-3 method-override@2.3.3
356 silly lockFile f804fdef-method-override-2-3-3 method-override@^2.3.3
357 silly lockFile f804fdef-method-override-2-3-3 method-override@^2.3.3
358 http 200 https://registry.npmjs.org/express-session
359 silly registry.get cb [ 200,
359 silly registry.get   { server: 'CouchDB/1.5.0 (Erlang OTP/R16B03)',
359 silly registry.get     etag: '"7ZH68NYUZNVL77YAFD2K8N2R1"',
359 silly registry.get     'content-type': 'application/json',
359 silly registry.get     'cache-control': 'max-age=60',
359 silly registry.get     'content-length': '84680',
359 silly registry.get     'accept-ranges': 'bytes',
359 silly registry.get     date: 'Tue, 02 Jun 2015 03:57:31 GMT',
359 silly registry.get     via: '1.1 varnish',
359 silly registry.get     age: '7',
359 silly registry.get     connection: 'keep-alive',
359 silly registry.get     'x-served-by': 'cache-iad2131-IAD',
359 silly registry.get     'x-cache': 'HIT',
359 silly registry.get     'x-cache-hits': '1',
359 silly registry.get     'x-timer': 'S1433217451.302062,VS0,VE2',
359 silly registry.get     vary: 'Accept' } ]
360 http 304 https://registry.npmjs.org/passport-google-plus
361 silly registry.get cb [ 304,
361 silly registry.get   { date: 'Tue, 02 Jun 2015 03:57:31 GMT',
361 silly registry.get     via: '1.1 varnish',
361 silly registry.get     'cache-control': 'max-age=60',
361 silly registry.get     etag: '"D5N42WWD4X7F9PFS1KMHGNJUW"',
361 silly registry.get     age: '0',
361 silly registry.get     connection: 'keep-alive',
361 silly registry.get     'x-served-by': 'cache-iad2138-IAD',
361 silly registry.get     'x-cache': 'MISS',
361 silly registry.get     'x-cache-hits': '0',
361 silly registry.get     'x-timer': 'S1433217451.612393,VS0,VE385',
361 silly registry.get     vary: 'Accept' } ]
362 verbose etag https://registry.npmjs.org/passport-google-plus from cache
363 silly addNameRange number 2 { name: 'passport-google-plus',
363 silly addNameRange   range: '>=0.5.1-0 <0.6.0-0',
363 silly addNameRange   hasData: true }
364 silly addNameRange versions [ 'passport-google-plus',
364 silly addNameRange   [ '0.1.0',
364 silly addNameRange     '0.1.1',
364 silly addNameRange     '0.2.0',
364 silly addNameRange     '0.3.0',
364 silly addNameRange     '0.4.0',
364 silly addNameRange     '0.4.1',
364 silly addNameRange     '0.5.0',
364 silly addNameRange     '0.5.1' ] ]
365 verbose addNamed [ 'passport-google-plus', '0.5.1' ]
366 verbose addNamed [ '0.5.1', '0.5.1' ]
367 silly lockFile 810fe1c1-passport-google-plus-0-5-1 passport-google-plus@0.5.1
368 verbose lock passport-google-plus@0.5.1 /home/oscar/.npm/810fe1c1-passport-google-plus-0-5-1.lock
369 silly addNameRange number 2 { name: 'express-session',
369 silly addNameRange   range: '>=1.11.2-0 <2.0.0-0',
369 silly addNameRange   hasData: true }
370 silly addNameRange versions [ 'express-session',
370 silly addNameRange   [ '1.0.0',
370 silly addNameRange     '1.0.1',
370 silly addNameRange     '1.0.2',
370 silly addNameRange     '1.0.3',
370 silly addNameRange     '1.0.4',
370 silly addNameRange     '1.1.0',
370 silly addNameRange     '1.2.0',
370 silly addNameRange     '1.2.1',
370 silly addNameRange     '1.3.0',
370 silly addNameRange     '1.3.1',
370 silly addNameRange     '1.4.0',
370 silly addNameRange     '1.5.0',
370 silly addNameRange     '1.5.1',
370 silly addNameRange     '1.5.2',
370 silly addNameRange     '1.6.0',
370 silly addNameRange     '1.6.1',
370 silly addNameRange     '1.6.2',
370 silly addNameRange     '1.6.3',
370 silly addNameRange     '1.6.4',
370 silly addNameRange     '1.6.5',
370 silly addNameRange     '1.7.0',
370 silly addNameRange     '1.7.1',
370 silly addNameRange     '1.7.2',
370 silly addNameRange     '1.7.3',
370 silly addNameRange     '1.7.4',
370 silly addNameRange     '1.7.5',
370 silly addNameRange     '1.7.6',
370 silly addNameRange     '1.8.0',
370 silly addNameRange     '1.8.1',
370 silly addNameRange     '1.8.2',
370 silly addNameRange     '1.9.0',
370 silly addNameRange     '1.9.1',
370 silly addNameRange     '1.9.2',
370 silly addNameRange     '1.9.3',
370 silly addNameRange     '1.10.0',
370 silly addNameRange     '1.10.1',
370 silly addNameRange     '1.10.2',
370 silly addNameRange     '1.10.3',
370 silly addNameRange     '1.10.4',
370 silly addNameRange     '1.11.0',
370 silly addNameRange     '1.11.1',
370 silly addNameRange     '1.11.2' ] ]
371 verbose addNamed [ 'express-session', '1.11.2' ]
372 verbose addNamed [ '1.11.2', '1.11.2' ]
373 silly lockFile 185c5f9f-express-session-1-11-2 express-session@1.11.2
374 verbose lock express-session@1.11.2 /home/oscar/.npm/185c5f9f-express-session-1-11-2.lock
375 silly lockFile 54bda92a-ssion-express-session-1-11-2-tgz https://registry.npmjs.org/express-session/-/express-session-1.11.2.tgz
376 verbose lock https://registry.npmjs.org/express-session/-/express-session-1.11.2.tgz /home/oscar/.npm/54bda92a-ssion-express-session-1-11-2-tgz.lock
377 verbose addRemoteTarball [ 'https://registry.npmjs.org/express-session/-/express-session-1.11.2.tgz',
377 verbose addRemoteTarball   'a165c9cfe158c8ada18e67d9e0d73e9eb35fa575' ]
378 info retry fetch attempt 1 at 21:57:32
379 verbose fetch to= /tmp/npm-3953-DIWB6INQ/registry.npmjs.org/express-session/-/express-session-1.11.2.tgz
380 http GET https://registry.npmjs.org/express-session/-/express-session-1.11.2.tgz
381 http 304 https://registry.npmjs.org/passport-twitter
382 silly registry.get cb [ 304,
382 silly registry.get   { date: 'Tue, 02 Jun 2015 03:57:32 GMT',
382 silly registry.get     via: '1.1 varnish',
382 silly registry.get     'cache-control': 'max-age=60',
382 silly registry.get     etag: '"6OFR66YZRNQSSPSYGFBTKNO41"',
382 silly registry.get     age: '42',
382 silly registry.get     connection: 'keep-alive',
382 silly registry.get     'x-served-by': 'cache-iad2131-IAD',
382 silly registry.get     'x-cache': 'HIT',
382 silly registry.get     'x-cache-hits': '1',
382 silly registry.get     'x-timer': 'S1433217452.165396,VS0,VE0',
382 silly registry.get     vary: 'Accept' } ]
383 verbose etag https://registry.npmjs.org/passport-twitter from cache
384 http 304 https://registry.npmjs.org/serve-favicon
385 silly registry.get cb [ 304,
385 silly registry.get   { date: 'Tue, 02 Jun 2015 03:57:32 GMT',
385 silly registry.get     via: '1.1 varnish',
385 silly registry.get     'cache-control': 'max-age=60',
385 silly registry.get     etag: '"5Y4HGQMBADUMR86B2JU87PD4Y"',
385 silly registry.get     age: '12',
385 silly registry.get     connection: 'keep-alive',
385 silly registry.get     'x-served-by': 'cache-iad2138-IAD',
385 silly registry.get     'x-cache': 'HIT',
385 silly registry.get     'x-cache-hits': '1',
385 silly registry.get     'x-timer': 'S1433217452.169231,VS0,VE0',
385 silly registry.get     vary: 'Accept' } ]
386 verbose etag https://registry.npmjs.org/serve-favicon from cache
387 silly addNameRange number 2 { name: 'serve-favicon',
387 silly addNameRange   range: '>=2.2.1-0 <2.3.0-0',
387 silly addNameRange   hasData: true }
388 silly addNameRange versions [ 'serve-favicon',
388 silly addNameRange   [ '2.0.0',
388 silly addNameRange     '2.0.1',
388 silly addNameRange     '2.1.0',
388 silly addNameRange     '2.1.1',
388 silly addNameRange     '2.1.2',
388 silly addNameRange     '2.1.3',
388 silly addNameRange     '2.1.4',
388 silly addNameRange     '2.1.5',
388 silly addNameRange     '2.1.6',
388 silly addNameRange     '2.1.7',
388 silly addNameRange     '2.2.0',
388 silly addNameRange     '2.2.1' ] ]
389 verbose addNamed [ 'serve-favicon', '2.2.1' ]
390 verbose addNamed [ '2.2.1', '2.2.1' ]
391 silly lockFile 6918e89a-serve-favicon-2-2-1 serve-favicon@2.2.1
392 verbose lock serve-favicon@2.2.1 /home/oscar/.npm/6918e89a-serve-favicon-2-2-1.lock
393 silly addNameRange number 2 { name: 'passport-twitter',
393 silly addNameRange   range: '>=1.0.3-0 <2.0.0-0',
393 silly addNameRange   hasData: true }
394 silly addNameRange versions [ 'passport-twitter',
394 silly addNameRange   [ '0.1.0',
394 silly addNameRange     '0.1.1',
394 silly addNameRange     '0.1.2',
394 silly addNameRange     '0.1.3',
394 silly addNameRange     '0.1.4',
394 silly addNameRange     '0.1.5',
394 silly addNameRange     '1.0.0',
394 silly addNameRange     '1.0.1',
394 silly addNameRange     '1.0.2',
394 silly addNameRange     '1.0.3' ] ]
395 verbose addNamed [ 'passport-twitter', '1.0.3' ]
396 verbose addNamed [ '1.0.3', '1.0.3' ]
397 silly lockFile a65254eb-passport-twitter-1-0-3 passport-twitter@1.0.3
398 verbose lock passport-twitter@1.0.3 /home/oscar/.npm/a65254eb-passport-twitter-1-0-3.lock
399 silly lockFile 810fe1c1-passport-google-plus-0-5-1 passport-google-plus@0.5.1
400 silly lockFile 810fe1c1-passport-google-plus-0-5-1 passport-google-plus@0.5.1
401 silly lockFile 5c75d22a-passport-google-plus-0-5-1 passport-google-plus@^0.5.1
402 silly lockFile 5c75d22a-passport-google-plus-0-5-1 passport-google-plus@^0.5.1
403 silly lockFile a65254eb-passport-twitter-1-0-3 passport-twitter@1.0.3
404 silly lockFile a65254eb-passport-twitter-1-0-3 passport-twitter@1.0.3
405 silly lockFile 7f2b66ed-passport-twitter-1-0-3 passport-twitter@^1.0.3
406 silly lockFile 7f2b66ed-passport-twitter-1-0-3 passport-twitter@^1.0.3
407 silly lockFile 6918e89a-serve-favicon-2-2-1 serve-favicon@2.2.1
408 silly lockFile 6918e89a-serve-favicon-2-2-1 serve-favicon@2.2.1
409 silly lockFile b7ae84e2-serve-favicon-2-2-1 serve-favicon@~2.2.1
410 silly lockFile b7ae84e2-serve-favicon-2-2-1 serve-favicon@~2.2.1
411 http 304 https://registry.npmjs.org/stylus
412 silly registry.get cb [ 304,
412 silly registry.get   { date: 'Tue, 02 Jun 2015 03:57:32 GMT',
412 silly registry.get     via: '1.1 varnish',
412 silly registry.get     'cache-control': 'max-age=60',
412 silly registry.get     etag: '"790LCRSP5DEN4E7XPG09P5EEP"',
412 silly registry.get     age: '4',
412 silly registry.get     connection: 'keep-alive',
412 silly registry.get     'x-served-by': 'cache-iad2131-IAD',
412 silly registry.get     'x-cache': 'HIT',
412 silly registry.get     'x-cache-hits': '1',
412 silly registry.get     'x-timer': 'S1433217452.311477,VS0,VE1',
412 silly registry.get     vary: 'Accept' } ]
413 verbose etag https://registry.npmjs.org/stylus from cache
414 http 304 https://registry.npmjs.org/jade
415 silly registry.get cb [ 304,
415 silly registry.get   { date: 'Tue, 02 Jun 2015 03:57:32 GMT',
415 silly registry.get     via: '1.1 varnish',
415 silly registry.get     'cache-control': 'max-age=60',
415 silly registry.get     etag: '"14YD0VU0A0ZDCOSDPK8Z4WLHN"',
415 silly registry.get     age: '20',
415 silly registry.get     connection: 'keep-alive',
415 silly registry.get     'x-served-by': 'cache-iad2138-IAD',
415 silly registry.get     'x-cache': 'HIT',
415 silly registry.get     'x-cache-hits': '2',
415 silly registry.get     'x-timer': 'S1433217452.315095,VS0,VE0',
415 silly registry.get     vary: 'Accept' } ]
416 verbose etag https://registry.npmjs.org/jade from cache
417 silly addNameRange number 2 { name: 'jade', range: '>=1.9.2-0 <1.10.0-0', hasData: true }
418 silly addNameRange versions [ 'jade',
418 silly addNameRange   [ '0.0.1',
418 silly addNameRange     '0.0.2',
418 silly addNameRange     '0.1.0',
418 silly addNameRange     '0.2.0',
418 silly addNameRange     '0.2.1',
418 silly addNameRange     '0.2.2',
418 silly addNameRange     '0.2.3',
418 silly addNameRange     '0.2.4',
418 silly addNameRange     '0.3.0',
418 silly addNameRange     '0.4.0',
418 silly addNameRange     '0.4.1',
418 silly addNameRange     '0.5.0',
418 silly addNameRange     '0.5.1',
418 silly addNameRange     '0.5.2',
418 silly addNameRange     '0.5.3',
418 silly addNameRange     '0.5.4',
418 silly addNameRange     '0.5.5',
418 silly addNameRange     '0.5.6',
418 silly addNameRange     '0.5.7',
418 silly addNameRange     '0.6.0',
418 silly addNameRange     '0.6.1',
418 silly addNameRange     '0.6.3',
418 silly addNameRange     '0.7.0',
418 silly addNameRange     '0.7.1',
418 silly addNameRange     '0.8.0',
418 silly addNameRange     '0.8.1',
418 silly addNameRange     '0.8.2',
418 silly addNameRange     '0.8.3',
418 silly addNameRange     '0.8.4',
418 silly addNameRange     '0.8.5',
418 silly addNameRange     '0.8.6',
418 silly addNameRange     '0.8.7',
418 silly addNameRange     '0.8.8',
418 silly addNameRange     '0.8.9',
418 silly addNameRange     '0.9.0',
418 silly addNameRange     '0.9.1',
418 silly addNameRange     '0.9.2',
418 silly addNameRange     '0.9.3',
418 silly addNameRange     '0.10.0',
418 silly addNameRange     '0.10.1',
418 silly addNameRange     '0.10.2',
418 silly addNameRange     '0.10.3',
418 silly addNameRange     '0.10.4',
418 silly addNameRange     '0.10.5',
418 silly addNameRange     '0.10.6',
418 silly addNameRange     '0.10.7',
418 silly addNameRange     '0.11.0',
418 silly addNameRange     '0.11.1',
418 silly addNameRange     '0.12.0',
418 silly addNameRange     '0.12.1',
418 silly addNameRange     '0.12.2',
418 silly addNameRange     '0.12.3',
418 silly addNameRange     '0.12.4',
418 silly addNameRange     '0.13.0',
418 silly addNameRange     '0.14.0',
418 silly addNameRange     '0.14.1',
418 silly addNameRange     '0.14.2',
418 silly addNameRange     '0.15.0',
418 silly addNameRange     '0.15.1',
418 silly addNameRange     '0.15.2',
418 silly addNameRange     '0.15.3',
418 silly addNameRange     '0.15.4',
418 silly addNameRange     '0.16.0',
418 silly addNameRange     '0.16.1',
418 silly addNameRange     '0.16.2',
418 silly addNameRange     '0.16.3',
418 silly addNameRange     '0.16.4',
418 silly addNameRange     '0.17.0',
418 silly addNameRange     '0.18.0',
418 silly addNameRange     '0.19.0',
418 silly addNameRange     '0.20.0',
418 silly addNameRange     '0.20.1',
418 silly addNameRange     '0.20.2',
418 silly addNameRange     '0.20.3',
418 silly addNameRange     '0.21.0',
418 silly addNameRange     '0.22.0',
418 silly addNameRange     '0.22.1',
418 silly addNameRange     '0.23.0',
418 silly addNameRange     '0.24.0',
418 silly addNameRange     '0.25.0',
418 silly addNameRange     '0.26.0',
418 silly addNameRange     '0.26.1',
418 silly addNameRange     '0.26.2',
418 silly addNameRange     '0.26.3',
418 silly addNameRange     '0.27.0',
418 silly addNameRange     '0.27.1',
418 silly addNameRange     '0.27.2',
418 silly addNameRange     '0.27.3',
418 silly addNameRange     '0.27.4',
418 silly addNameRange     '0.27.5',
418 silly addNameRange     '0.27.6',
418 silly addNameRange     '0.27.7',
418 silly addNameRange     '0.28.0',
418 silly addNameRange     '0.28.1',
418 silly addNameRange     '0.28.2',
418 silly addNameRange     '0.29.0',
418 silly addNameRange     '0.30.0',
418 silly addNameRange     '0.31.0',
418 silly addNameRange     '0.31.1',
418 silly addNameRange     '0.31.2',
418 silly addNameRange     '0.32.0',
418 silly addNameRange     '0.33.0',
418 silly addNameRange     '0.34.0',
418 silly addNameRange     '0.34.1',
418 silly addNameRange     '0.35.0',
418 silly addNameRange     '1.0.0',
418 silly addNameRange     '1.0.1',
418 silly addNameRange     '1.0.2',
418 silly addNameRange     '1.1.0',
418 silly addNameRange     '1.1.1',
418 silly addNameRange     '1.1.2',
418 silly addNameRange     '1.1.3',
418 silly addNameRange     '1.1.4',
418 silly addNameRange     '1.1.5',
418 silly addNameRange     '1.2.0',
418 silly addNameRange     '1.3.0',
418 silly addNameRange     '1.3.1',
418 silly addNameRange     '1.4.0',
418 silly addNameRange     '1.4.1',
418 silly addNameRange     '1.4.2',
418 silly addNameRange     '1.5.0',
418 silly addNameRange     '1.6.0',
418 silly addNameRange     '1.7.0',
418 silly addNameRange     '1.8.0',
418 silly addNameRange     '1.8.1',
418 silly addNameRange     '1.8.2',
418 silly addNameRange     '1.9.0',
418 silly addNameRange     '1.9.1',
418 silly addNameRange     '1.9.2',
418 silly addNameRange     '1.10.0' ] ]
419 verbose addNamed [ 'jade', '1.9.2' ]
420 verbose addNamed [ '1.9.2', '1.9.2' ]
421 silly lockFile 20e0e06b-jade-1-9-2 jade@1.9.2
422 verbose lock jade@1.9.2 /home/oscar/.npm/20e0e06b-jade-1-9-2.lock
423 silly lockFile 20e0e06b-jade-1-9-2 jade@1.9.2
424 silly lockFile 20e0e06b-jade-1-9-2 jade@1.9.2
425 silly lockFile ee522cbd-jade-1-9-2 jade@~1.9.2
426 silly lockFile ee522cbd-jade-1-9-2 jade@~1.9.2
427 silly lockFile fb5b2923-stylus-0-42-3 stylus@0.42.3
428 silly lockFile fb5b2923-stylus-0-42-3 stylus@0.42.3
429 http 200 https://registry.npmjs.org/body-parser
430 silly registry.get cb [ 200,
430 silly registry.get   { server: 'CouchDB/1.5.0 (Erlang OTP/R16B03)',
430 silly registry.get     etag: '"5CGTVPXSV5UV990GACRYOV228"',
430 silly registry.get     'content-type': 'application/json',
430 silly registry.get     'cache-control': 'max-age=60',
430 silly registry.get     'content-length': '97595',
430 silly registry.get     'accept-ranges': 'bytes',
430 silly registry.get     date: 'Tue, 02 Jun 2015 03:57:31 GMT',
430 silly registry.get     via: '1.1 varnish',
430 silly registry.get     age: '43',
430 silly registry.get     connection: 'keep-alive',
430 silly registry.get     'x-served-by': 'cache-iad2135-IAD',
430 silly registry.get     'x-cache': 'HIT',
430 silly registry.get     'x-cache-hits': '3',
430 silly registry.get     'x-timer': 'S1433217451.310308,VS0,VE0',
430 silly registry.get     vary: 'Accept' } ]
431 silly addNameRange number 2 { name: 'body-parser',
431 silly addNameRange   range: '>=1.12.4-0 <1.13.0-0',
431 silly addNameRange   hasData: true }
432 silly addNameRange versions [ 'body-parser',
432 silly addNameRange   [ '1.0.0',
432 silly addNameRange     '1.0.1',
432 silly addNameRange     '1.0.2',
432 silly addNameRange     '1.1.0',
432 silly addNameRange     '1.1.1',
432 silly addNameRange     '1.1.2',
432 silly addNameRange     '1.2.0',
432 silly addNameRange     '1.2.1',
432 silly addNameRange     '1.2.2',
432 silly addNameRange     '1.3.0',
432 silly addNameRange     '1.3.1',
432 silly addNameRange     '1.4.0',
432 silly addNameRange     '1.4.1',
432 silly addNameRange     '1.4.2',
432 silly addNameRange     '1.4.3',
432 silly addNameRange     '1.5.0',
432 silly addNameRange     '1.5.1',
432 silly addNameRange     '1.5.2',
432 silly addNameRange     '1.6.0',
432 silly addNameRange     '1.6.1',
432 silly addNameRange     '1.6.2',
432 silly addNameRange     '1.6.3',
432 silly addNameRange     '1.6.4',
432 silly addNameRange     '1.6.5',
432 silly addNameRange     '1.6.6',
432 silly addNameRange     '1.6.7',
432 silly addNameRange     '1.7.0',
432 silly addNameRange     '1.8.0',
432 silly addNameRange     '1.8.1',
432 silly addNameRange     '1.8.2',
432 silly addNameRange     '1.8.3',
432 silly addNameRange     '1.8.4',
432 silly addNameRange     '1.9.0',
432 silly addNameRange     '1.9.1',
432 silly addNameRange     '1.9.2',
432 silly addNameRange     '1.9.3',
432 silly addNameRange     '1.10.0',
432 silly addNameRange     '1.10.1',
432 silly addNameRange     '1.10.2',
432 silly addNameRange     '1.11.0',
432 silly addNameRange     '1.12.0',
432 silly addNameRange     '1.12.1',
432 silly addNameRange     '1.12.2',
432 silly addNameRange     '1.12.3',
432 silly addNameRange     '1.12.4' ] ]
433 verbose addNamed [ 'body-parser', '1.12.4' ]
434 verbose addNamed [ '1.12.4', '1.12.4' ]
435 silly lockFile b06c8939-body-parser-1-12-4 body-parser@1.12.4
436 verbose lock body-parser@1.12.4 /home/oscar/.npm/b06c8939-body-parser-1-12-4.lock
437 silly lockFile b06c8939-body-parser-1-12-4 body-parser@1.12.4
438 silly lockFile b06c8939-body-parser-1-12-4 body-parser@1.12.4
439 silly lockFile 6b6495e4-body-parser-1-12-4 body-parser@~1.12.4
440 silly lockFile 6b6495e4-body-parser-1-12-4 body-parser@~1.12.4
441 http 200 https://registry.npmjs.org/debug
442 silly registry.get cb [ 200,
442 silly registry.get   { server: 'CouchDB/1.5.0 (Erlang OTP/R16B03)',
442 silly registry.get     etag: '"191JSFLN4OVEGCN2WQI5GS2RG"',
442 silly registry.get     'content-type': 'application/json',
442 silly registry.get     'cache-control': 'max-age=60',
442 silly registry.get     'content-length': '34678',
442 silly registry.get     'accept-ranges': 'bytes',
442 silly registry.get     date: 'Tue, 02 Jun 2015 03:57:32 GMT',
442 silly registry.get     via: '1.1 varnish',
442 silly registry.get     age: '57',
442 silly registry.get     connection: 'keep-alive',
442 silly registry.get     'x-served-by': 'cache-iad2131-IAD',
442 silly registry.get     'x-cache': 'HIT',
442 silly registry.get     'x-cache-hits': '3',
442 silly registry.get     'x-timer': 'S1433217452.447184,VS0,VE0',
442 silly registry.get     vary: 'Accept' } ]
443 silly addNameRange number 2 { name: 'debug', range: '>=2.2.0-0 <2.3.0-0', hasData: true }
444 silly addNameRange versions [ 'debug',
444 silly addNameRange   [ '0.0.1',
444 silly addNameRange     '0.1.0',
444 silly addNameRange     '0.2.0',
444 silly addNameRange     '0.3.0',
444 silly addNameRange     '0.4.0',
444 silly addNameRange     '0.4.1',
444 silly addNameRange     '0.5.0',
444 silly addNameRange     '0.6.0',
444 silly addNameRange     '0.7.0',
444 silly addNameRange     '0.7.1',
444 silly addNameRange     '0.7.2',
444 silly addNameRange     '0.7.3',
444 silly addNameRange     '0.7.4',
444 silly addNameRange     '0.8.0',
444 silly addNameRange     '0.8.1',
444 silly addNameRange     '1.0.0',
444 silly addNameRange     '1.0.1',
444 silly addNameRange     '1.0.2',
444 silly addNameRange     '1.0.3',
444 silly addNameRange     '1.0.4',
444 silly addNameRange     '2.0.0',
444 silly addNameRange     '2.1.0',
444 silly addNameRange     '2.1.1',
444 silly addNameRange     '2.1.2',
444 silly addNameRange     '2.1.3',
444 silly addNameRange     '2.2.0' ] ]
445 verbose addNamed [ 'debug', '2.2.0' ]
446 verbose addNamed [ '2.2.0', '2.2.0' ]
447 silly lockFile 82f99b48-debug-2-2-0 debug@2.2.0
448 verbose lock debug@2.2.0 /home/oscar/.npm/82f99b48-debug-2-2-0.lock
449 silly lockFile 82f99b48-debug-2-2-0 debug@2.2.0
450 silly lockFile 82f99b48-debug-2-2-0 debug@2.2.0
451 silly lockFile 7986b842-debug-2-2-0 debug@~2.2.0
452 silly lockFile 7986b842-debug-2-2-0 debug@~2.2.0
453 http 200 https://registry.npmjs.org/express
454 silly registry.get cb [ 200,
454 silly registry.get   { server: 'CouchDB/1.5.0 (Erlang OTP/R16B03)',
454 silly registry.get     etag: '"27XLAPLZ0K5KZDO70O1F6FZXM"',
454 silly registry.get     'content-type': 'application/json',
454 silly registry.get     'cache-control': 'max-age=60',
454 silly registry.get     'content-length': '499510',
454 silly registry.get     'accept-ranges': 'bytes',
454 silly registry.get     date: 'Tue, 02 Jun 2015 03:57:31 GMT',
454 silly registry.get     via: '1.1 varnish',
454 silly registry.get     age: '41',
454 silly registry.get     connection: 'keep-alive',
454 silly registry.get     'x-served-by': 'cache-iad2122-IAD',
454 silly registry.get     'x-cache': 'HIT',
454 silly registry.get     'x-cache-hits': '1',
454 silly registry.get     'x-timer': 'S1433217451.279724,VS0,VE7',
454 silly registry.get     vary: 'Accept' } ]
455 silly addNameRange number 2 { name: 'express', range: '>=4.12.4-0 <4.13.0-0', hasData: true }
456 silly addNameRange versions [ 'express',
456 silly addNameRange   [ '0.14.0',
456 silly addNameRange     '0.14.1',
456 silly addNameRange     '1.0.0',
456 silly addNameRange     '1.0.1',
456 silly addNameRange     '1.0.2',
456 silly addNameRange     '1.0.3',
456 silly addNameRange     '1.0.4',
456 silly addNameRange     '1.0.5',
456 silly addNameRange     '1.0.6',
456 silly addNameRange     '1.0.7',
456 silly addNameRange     '1.0.8',
456 silly addNameRange     '2.0.0',
456 silly addNameRange     '2.1.0',
456 silly addNameRange     '2.1.1',
456 silly addNameRange     '2.2.0',
456 silly addNameRange     '2.2.1',
456 silly addNameRange     '2.2.2',
456 silly addNameRange     '2.3.0',
456 silly addNameRange     '2.3.1',
456 silly addNameRange     '2.3.2',
456 silly addNameRange     '2.3.3',
456 silly addNameRange     '2.3.4',
456 silly addNameRange     '2.3.5',
456 silly addNameRange     '2.3.6',
456 silly addNameRange     '2.3.7',
456 silly addNameRange     '2.3.8',
456 silly addNameRange     '2.3.9',
456 silly addNameRange     '2.3.10',
456 silly addNameRange     '2.3.11',
456 silly addNameRange     '2.3.12',
456 silly addNameRange     '2.4.0',
456 silly addNameRange     '2.4.1',
456 silly addNameRange     '2.4.2',
456 silly addNameRange     '2.4.3',
456 silly addNameRange     '2.4.4',
456 silly addNameRange     '2.4.5',
456 silly addNameRange     '2.4.6',
456 silly addNameRange     '2.4.7',
456 silly addNameRange     '2.5.0',
456 silly addNameRange     '2.5.1',
456 silly addNameRange     '2.5.2',
456 silly addNameRange     '2.5.3',
456 silly addNameRange     '2.5.4',
456 silly addNameRange     '2.5.5',
456 silly addNameRange     '2.5.6',
456 silly addNameRange     '2.5.7',
456 silly addNameRange     '2.5.8',
456 silly addNameRange     '2.5.9',
456 silly addNameRange     '2.5.10',
456 silly addNameRange     '2.5.11',
456 silly addNameRange     '3.0.0',
456 silly addNameRange     '3.0.1',
456 silly addNameRange     '3.0.2',
456 silly addNameRange     '3.0.3',
456 silly addNameRange     '3.0.4',
456 silly addNameRange     '3.0.5',
456 silly addNameRange     '3.0.6',
456 silly addNameRange     '3.1.0',
456 silly addNameRange     '3.1.1',
456 silly addNameRange     '3.1.2',
456 silly addNameRange     '3.2.0',
456 silly addNameRange     '3.2.1',
456 silly addNameRange     '3.2.2',
456 silly addNameRange     '3.2.3',
456 silly addNameRange     '3.2.4',
456 silly addNameRange     '3.2.5',
456 silly addNameRange     '3.2.6',
456 silly addNameRange     '3.3.0',
456 silly addNameRange     '3.3.1',
456 silly addNameRange     '3.3.2',
456 silly addNameRange     '3.3.3',
456 silly addNameRange     '3.3.4',
456 silly addNameRange     '3.3.5',
456 silly addNameRange     '3.3.6',
456 silly addNameRange     '1.0.0-beta',
456 silly addNameRange     '1.0.0-beta2',
456 silly addNameRange     '1.0.0-rc',
456 silly addNameRange     '1.0.0-rc2',
456 silly addNameRange     '1.0.0-rc3',
456 silly addNameRange     '1.0.0-rc4',
456 silly addNameRange     '2.0.0-beta',
456 silly addNameRange     '2.0.0-beta2',
456 silly addNameRange     '2.0.0-beta3',
456 silly addNameRange     '2.0.0-rc',
456 silly addNameRange     '2.0.0-rc2',
456 silly addNameRange     '2.0.0-rc3',
456 silly addNameRange     '3.0.0-alpha1',
456 silly addNameRange     '3.0.0-alpha2',
456 silly addNameRange     '3.0.0-alpha3',
456 silly addNameRange     '3.0.0-alpha4',
456 silly addNameRange     '3.0.0-alpha5',
456 silly addNameRange     '3.0.0-beta1',
456 silly addNameRange     '3.0.0-beta2',
456 silly addNameRange     '3.0.0-beta3',
456 silly addNameRange     '3.0.0-beta4',
456 silly addNameRange     '3.0.0-beta6',
456 silly addNameRange     '3.0.0-beta7',
456 silly addNameRange     '3.0.0-rc1',
456 silly addNameRange     '3.0.0-rc2',
456 silly addNameRange     '3.0.0-rc3',
456 silly addNameRange     '3.0.0-rc4',
456 silly addNameRange     '3.0.0-rc5',
456 silly addNameRange     '3.3.7',
456 silly addNameRange     '3.3.8',
456 silly addNameRange     '3.4.0',
456 silly addNameRange     '3.4.1',
456 silly addNameRange     '3.4.2',
456 silly addNameRange     '3.4.3',
456 silly addNameRange     '3.4.4',
456 silly addNameRange     '3.4.5',
456 silly addNameRange     '3.4.6',
456 silly addNameRange     '3.4.7',
456 silly addNameRange     '3.4.8',
456 silly addNameRange     '4.0.0-rc1',
456 silly addNameRange     '4.0.0-rc2',
456 silly addNameRange     '3.5.0',
456 silly addNameRange     '4.0.0-rc3',
456 silly addNameRange     '4.0.0-rc4',
456 silly addNameRange     '3.5.1',
456 silly addNameRange     '4.0.0',
456 silly addNameRange     '3.5.2',
456 silly addNameRange     '4.1.0',
456 silly addNameRange     '4.1.1',
456 silly addNameRange     '3.5.3',
456 silly addNameRange     '4.1.2',
456 silly addNameRange     '3.6.0',
456 silly addNameRange     '4.2.0',
456 silly addNameRange     '3.7.0',
456 silly addNameRange     '3.8.0',
456 silly addNameRange     '4.3.0',
456 silly addNameRange     '4.3.1',
456 silly addNameRange     '3.8.1',
456 silly addNameRange     '4.3.2',
456 silly addNameRange     '3.9.0',
456 silly addNameRange     '4.4.0',
456 silly addNameRange     '4.4.1',
456 silly addNameRange     '3.10.0',
456 silly addNameRange     '3.10.1',
456 silly addNameRange     '3.10.2',
456 silly addNameRange     '3.10.3',
456 silly addNameRange     '3.10.4',
456 silly addNameRange     '4.4.2',
456 silly addNameRange     '3.10.5',
456 silly addNameRange     '4.4.3',
456 silly addNameRange     '3.11.0',
456 silly addNameRange     '4.4.4',
456 silly addNameRange     '3.12.0',
456 silly addNameRange     '3.12.1',
456 silly addNameRange     '4.4.5',
456 silly addNameRange     '3.13.0',
456 silly addNameRange     '4.5.0',
456 silly addNameRange     '4.5.1',
456 silly addNameRange     '3.14.0',
456 silly addNameRange     '4.6.0',
456 silly addNameRange     '4.6.1',
456 silly addNameRange     '3.15.0',
456 silly addNameRange     '4.7.0',
456 silly addNameRange     '3.15.1',
456 silly addNameRange     '4.7.1',
456 silly addNameRange     '3.15.2',
456 silly addNameRange     '4.7.2',
456 silly addNameRange     '4.7.3',
456 silly addNameRange     '3.15.3',
456 silly addNameRange     '4.7.4',
456 silly addNameRange     '3.16.0',
456 silly addNameRange     '4.8.0',
456 silly addNameRange     '3.16.1',
456 silly addNameRange     '4.8.1',
456 silly addNameRange     '3.16.2',
456 silly addNameRange     '4.8.2',
456 silly addNameRange     '3.16.3',
456 silly addNameRange     '3.16.4',
456 silly addNameRange     '4.8.3',
456 silly addNameRange     '3.16.5',
456 silly addNameRange     '3.16.6',
456 silly addNameRange     '4.8.4',
456 silly addNameRange     '3.16.7',
456 silly addNameRange     '4.8.5',
456 silly addNameRange     '3.16.8',
456 silly addNameRange     '4.8.6',
456 silly addNameRange     '3.16.9',
456 silly addNameRange     '4.8.7',
456 silly addNameRange     '3.16.10',
456 silly addNameRange     '4.8.8',
456 silly addNameRange     '3.17.0',
456 silly addNameRange     '3.17.1',
456 silly addNameRange     '4.9.0',
456 silly addNameRange     '3.17.2',
456 silly addNameRange     '4.9.1',
456 silly addNameRange     '4.9.2',
456 silly addNameRange     '3.17.3',
456 silly addNameRange     '4.9.3',
456 silly addNameRange     '3.17.4',
456 silly addNameRange     '4.9.4',
456 silly addNameRange     '3.17.5',
456 silly addNameRange     '4.9.5',
456 silly addNameRange     '3.17.6',
456 silly addNameRange     '3.17.7',
456 silly addNameRange     '4.9.6',
456 silly addNameRange     '4.9.7',
456 silly addNameRange     '3.17.8',
456 silly addNameRange     '4.9.8',
456 silly addNameRange     '3.18.0',
456 silly addNameRange     '3.18.1',
456 silly addNameRange     '4.10.0',
456 silly addNameRange     '3.18.2',
456 silly addNameRange     '4.10.1',
456 silly addNameRange     '5.0.0-alpha.1',
456 silly addNameRange     '3.18.3',
456 silly addNameRange     '4.10.2',
456 silly addNameRange     '3.18.4',
456 silly addNameRange     '4.10.3',
456 silly addNameRange     '4.10.4',
456 silly addNameRange     '4.10.5',
456 silly addNameRange     '3.18.5',
456 silly addNameRange     '3.18.6',
456 silly addNameRange     '4.10.6',
456 silly addNameRange     '4.10.7',
456 silly addNameRange     '3.19.0',
456 silly addNameRange     '4.10.8',
456 silly addNameRange     '4.11.0',
456 silly addNameRange     '3.19.1',
456 silly addNameRange     '4.11.1',
456 silly addNameRange     '3.19.2',
456 silly addNameRange     '4.11.2',
456 silly addNameRange     '3.20.0',
456 silly addNameRange     '4.12.0',
456 silly addNameRange     '3.20.1',
456 silly addNameRange     '4.12.1',
456 silly addNameRange     '4.12.2',
456 silly addNameRange     '3.20.2',
456 silly addNameRange     '4.12.3',
456 silly addNameRange     '3.20.3',
456 silly addNameRange     '4.12.4' ] ]
457 verbose addNamed [ 'express', '4.12.4' ]
458 verbose addNamed [ '4.12.4', '4.12.4' ]
459 silly lockFile 3b813118-express-4-12-4 express@4.12.4
460 verbose lock express@4.12.4 /home/oscar/.npm/3b813118-express-4-12-4.lock
461 silly lockFile 3b813118-express-4-12-4 express@4.12.4
462 silly lockFile 3b813118-express-4-12-4 express@4.12.4
463 silly lockFile 8d972283-express-4-12-4 express@~4.12.4
464 silly lockFile 8d972283-express-4-12-4 express@~4.12.4
465 http 200 https://registry.npmjs.org/mongoose
466 silly registry.get cb [ 200,
466 silly registry.get   { server: 'CouchDB/1.5.0 (Erlang OTP/R16B03)',
466 silly registry.get     etag: '"6VQ9ITPJRLAMPD334EPNGCQSS"',
466 silly registry.get     'content-type': 'application/json',
466 silly registry.get     'cache-control': 'max-age=60',
466 silly registry.get     'content-length': '322752',
466 silly registry.get     'accept-ranges': 'bytes',
466 silly registry.get     date: 'Tue, 02 Jun 2015 03:57:31 GMT',
466 silly registry.get     via: '1.1 varnish',
466 silly registry.get     age: '42',
466 silly registry.get     connection: 'keep-alive',
466 silly registry.get     'x-served-by': 'cache-iad2143-IAD',
466 silly registry.get     'x-cache': 'HIT',
466 silly registry.get     'x-cache-hits': '1',
466 silly registry.get     'x-timer': 'S1433217451.284112,VS0,VE3',
466 silly registry.get     vary: 'Accept' } ]
467 silly addNameRange number 2 { name: 'mongoose', range: '>=4.0.3-0 <5.0.0-0', hasData: true }
468 silly addNameRange versions [ 'mongoose',
468 silly addNameRange   [ '0.0.1',
468 silly addNameRange     '0.0.2',
468 silly addNameRange     '0.0.3',
468 silly addNameRange     '0.0.4',
468 silly addNameRange     '0.0.5',
468 silly addNameRange     '1.0.0',
468 silly addNameRange     '1.0.1',
468 silly addNameRange     '1.0.2',
468 silly addNameRange     '0.0.6',
468 silly addNameRange     '1.0.3',
468 silly addNameRange     '1.0.4',
468 silly addNameRange     '1.0.5',
468 silly addNameRange     '1.0.6',
468 silly addNameRange     '1.0.7',
468 silly addNameRange     '1.0.8',
468 silly addNameRange     '1.0.10',
468 silly addNameRange     '1.0.11',
468 silly addNameRange     '1.0.12',
468 silly addNameRange     '1.0.13',
468 silly addNameRange     '1.0.14',
468 silly addNameRange     '1.0.15',
468 silly addNameRange     '1.0.16',
468 silly addNameRange     '1.1.0',
468 silly addNameRange     '1.1.1',
468 silly addNameRange     '1.1.2',
468 silly addNameRange     '1.1.3',
468 silly addNameRange     '1.1.4',
468 silly addNameRange     '1.1.5',
468 silly addNameRange     '1.1.6',
468 silly addNameRange     '1.1.7',
468 silly addNameRange     '1.1.8',
468 silly addNameRange     '1.1.9',
468 silly addNameRange     '1.1.10',
468 silly addNameRange     '1.1.11',
468 silly addNameRange     '1.1.12',
468 silly addNameRange     '1.1.13',
468 silly addNameRange     '1.1.14',
468 silly addNameRange     '1.1.15',
468 silly addNameRange     '1.1.16',
468 silly addNameRange     '1.1.17',
468 silly addNameRange     '1.1.18',
468 silly addNameRange     '1.1.19',
468 silly addNameRange     '1.1.20',
468 silly addNameRange     '1.1.21',
468 silly addNameRange     '1.1.22',
468 silly addNameRange     '1.1.23',
468 silly addNameRange     '1.1.24',
468 silly addNameRange     '1.1.25',
468 silly addNameRange     '1.2.0',
468 silly addNameRange     '1.3.0',
468 silly addNameRange     '1.3.1',
468 silly addNameRange     '1.3.2',
468 silly addNameRange     '1.3.3',
468 silly addNameRange     '1.3.4',
468 silly addNameRange     '1.3.5',
468 silly addNameRange     '1.3.6',
468 silly addNameRange     '1.3.7',
468 silly addNameRange     '1.4.0',
468 silly addNameRange     '1.5.0',
468 silly addNameRange     '1.6.0',
468 silly addNameRange     '1.7.2',
468 silly addNameRange     '1.7.3',
468 silly addNameRange     '1.7.4',
468 silly addNameRange     '1.8.0',
468 silly addNameRange     '1.8.1',
468 silly addNameRange     '1.8.2',
468 silly addNameRange     '1.8.3',
468 silly addNameRange     '1.8.4',
468 silly addNameRange     '2.0.0',
468 silly addNameRange     '2.0.1',
468 silly addNameRange     '2.0.2',
468 silly addNameRange     '2.0.3',
468 silly addNameRange     '2.0.4',
468 silly addNameRange     '2.1.0',
468 silly addNameRange     '2.1.1',
468 silly addNameRange     '2.1.2',
468 silly addNameRange     '2.1.3',
468 silly addNameRange     '2.1.4',
468 silly addNameRange     '2.2.0',
468 silly addNameRange     '2.2.1',
468 silly addNameRange     '2.2.2',
468 silly addNameRange     '2.2.3',
468 silly addNameRange     '2.2.4',
468 silly addNameRange     '2.3.0',
468 silly addNameRange     '2.3.1',
468 silly addNameRange     '2.3.2',
468 silly addNameRange     '2.3.3',
468 silly addNameRange     '2.3.4',
468 silly addNameRange     '2.3.5',
468 silly addNameRange     '2.3.6',
468 silly addNameRange     '2.3.7',
468 silly addNameRange     '2.3.8',
468 silly addNameRange     '2.3.9',
468 silly addNameRange     '2.3.10',
468 silly addNameRange     '2.3.11',
468 silly addNameRange     '2.3.12',
468 silly addNameRange     '2.3.13',
468 silly addNameRange     '2.4.0',
468 silly addNameRange     '2.4.1',
468 silly addNameRange     '2.4.2',
468 silly addNameRange     '2.4.3',
468 silly addNameRange     '2.4.4',
468 silly addNameRange     '2.4.5',
468 silly addNameRange     '2.4.6',
468 silly addNameRange     '2.4.7',
468 silly addNameRange     '2.4.8',
468 silly addNameRange     '2.4.9',
468 silly addNameRange     '2.4.10',
468 silly addNameRange     '2.5.0',
468 silly addNameRange     '2.5.1',
468 silly addNameRange     '2.5.2',
468 silly addNameRange     '2.5.3',
468 silly addNameRange     '2.5.4',
468 silly addNameRange     '2.5.5',
468 silly addNameRange     '2.5.6',
468 silly addNameRange     '2.5.7',
468 silly addNameRange     '2.5.8',
468 silly addNameRange     '2.5.9',
468 silly addNameRange     '2.5.10',
468 silly addNameRange     '2.5.11',
468 silly addNameRange     '2.5.12',
468 silly addNameRange     '2.5.13',
468 silly addNameRange     '2.5.14',
468 silly addNameRange     '2.6.0',
468 silly addNameRange     '2.6.1',
468 silly addNameRange     '2.6.2',
468 silly addNameRange     '2.6.3',
468 silly addNameRange     '2.6.4',
468 silly addNameRange     '2.6.5',
468 silly addNameRange     '2.6.6',
468 silly addNameRange     '2.6.7',
468 silly addNameRange     '2.6.8',
468 silly addNameRange     '2.7.0',
468 silly addNameRange     '2.7.1',
468 silly addNameRange     '2.7.2',
468 silly addNameRange     '2.7.4',
468 silly addNameRange     '2.7.3',
468 silly addNameRange     '3.0.0',
468 silly addNameRange     '3.0.1',
468 silly addNameRange     '3.0.2',
468 silly addNameRange     '2.8.0',
468 silly addNameRange     '3.0.3',
468 silly addNameRange     '3.1.0',
468 silly addNameRange     '2.8.1',
468 silly addNameRange     '3.1.1',
468 silly addNameRange     '2.8.2',
468 silly addNameRange     '2.8.3',
468 silly addNameRange     '2.9.0',
468 silly addNameRange     '3.2.0',
468 silly addNameRange     '2.9.1',
468 silly addNameRange     '3.2.1',
468 silly addNameRange     '2.9.2',
468 silly addNameRange     '3.2.2',
468 silly addNameRange     '3.3.0',
468 silly addNameRange     '3.3.1',
468 silly addNameRange     '2.9.3',
468 silly addNameRange     '3.4.0',
468 silly addNameRange     '2.9.4',
468 silly addNameRange     '2.9.5',
468 silly addNameRange     '3.5.0',
468 silly addNameRange     '3.5.1',
468 silly addNameRange     '3.5.2',
468 silly addNameRange     '3.5.3',
468 silly addNameRange     '2.9.6',
468 silly addNameRange     '2.9.7',
468 silly addNameRange     '3.5.4',
468 silly addNameRange     '3.5.5',
468 silly addNameRange     '2.9.8',
468 silly addNameRange     '2.9.9',
468 silly addNameRange     '3.5.6',
468 silly addNameRange     '3.5.7',
468 silly addNameRange     '3.5.8',
468 silly addNameRange     '2.9.10',
468 silly addNameRange     '3.5.9',
468 silly addNameRange     '3.6.2',
468 silly addNameRange     '3.5.10',
468 silly addNameRange     '3.6.3',
468 silly addNameRange     '3.5.11',
468 silly addNameRange     '3.6.4',
468 silly addNameRange     '3.6.5',
468 silly addNameRange     '3.6.6',
468 silly addNameRange     '3.6.7',
468 silly addNameRange     '3.5.12',
468 silly addNameRange     '3.6.8',
468 silly addNameRange     '3.6.9',
468 silly addNameRange     '3.6.10',
468 silly addNameRange     '3.5.13',
468 silly addNameRange     '3.5.14',
468 silly addNameRange     '3.6.11',
468 silly addNameRange     '3.6.12',
468 silly addNameRange     '3.6.13',
468 silly addNameRange     '3.6.14',
468 silly addNameRange     '3.6.15',
468 silly addNameRange     '3.5.15',
468 silly addNameRange     '3.7.0',
468 silly addNameRange     '3.6.16',
468 silly addNameRange     '3.5.16',
468 silly addNameRange     '3.6.17',
468 silly addNameRange     '3.7.2',
468 silly addNameRange     '3.0.0-alpha1',
468 silly addNameRange     '3.0.0-alpha2',
468 silly addNameRange     '3.0.0-rc0',
468 silly addNameRange     '3.6.0-rc0',
468 silly addNameRange     '3.6.0-rc1',
468 silly addNameRange     '3.6.18',
468 silly addNameRange     '3.7.3',
468 silly addNameRange     '3.6.19',
468 silly addNameRange     '3.6.20',
468 silly addNameRange     '3.7.4',
468 silly addNameRange     '3.8.0',
468 silly addNameRange     '3.8.1',
468 silly addNameRange     '3.8.2',
468 silly addNameRange     '3.8.3',
468 silly addNameRange     '3.8.4',
468 silly addNameRange     '3.8.5',
468 silly addNameRange     '3.8.6',
468 silly addNameRange     '3.8.7',
468 silly addNameRange     '3.8.8',
468 silly addNameRange     '3.8.9',
468 silly addNameRange     '3.8.10',
468 silly addNameRange     '3.8.11',
468 silly addNameRange     '3.9.0',
468 silly addNameRange     '3.8.12',
468 silly addNameRange     '3.8.13',
468 silly addNameRange     '3.8.14',
468 silly addNameRange     '3.8.15',
468 silly addNameRange     '3.9.1',
468 silly addNameRange     '3.8.16',
468 silly addNameRange     '3.9.2',
468 silly addNameRange     '3.8.17',
468 silly addNameRange     '3.9.3',
468 silly addNameRange     '3.8.18',
468 silly addNameRange     '3.9.4',
468 silly addNameRange     '3.8.19',
468 silly addNameRange     '3.9.5',
468 silly addNameRange     '3.8.20',
468 silly addNameRange     '3.9.6',
468 silly addNameRange     '3.8.21',
468 silly addNameRange     '3.9.7',
468 silly addNameRange     '3.8.22',
468 silly addNameRange     '4.0.0-rc0',
468 silly addNameRange     '4.0.0-rc1',
468 silly addNameRange     '3.8.23',
468 silly addNameRange     '4.0.0-rc2',
468 silly addNameRange     '3.8.24',
468 silly addNameRange     '4.0.0-rc3',
468 silly addNameRange     '3.8.25',
468 silly addNameRange     '4.0.0-rc4',
468 silly addNameRange     '4.0.0',
468 silly addNameRange     '4.0.1',
468 silly addNameRange     '3.8.26',
468 silly addNameRange     '3.8.27',
468 silly addNameRange     '4.0.2',
468 silly addNameRange     '3.8.28',
468 silly addNameRange     '4.0.3',
468 silly addNameRange     '3.8.29',
468 silly addNameRange     '4.0.4' ] ]
469 verbose addNamed [ 'mongoose', '4.0.4' ]
470 verbose addNamed [ '4.0.4', '4.0.4' ]
471 silly lockFile 33002b46-mongoose-4-0-4 mongoose@4.0.4
472 verbose lock mongoose@4.0.4 /home/oscar/.npm/33002b46-mongoose-4-0-4.lock
473 silly lockFile 33002b46-mongoose-4-0-4 mongoose@4.0.4
474 silly lockFile 33002b46-mongoose-4-0-4 mongoose@4.0.4
475 silly lockFile c2d003a5-mongoose-4-0-3 mongoose@^4.0.3
476 silly lockFile c2d003a5-mongoose-4-0-3 mongoose@^4.0.3
477 http 200 https://registry.npmjs.org/express-session/-/express-session-1.11.2.tgz
478 silly lockFile 54bda92a-ssion-express-session-1-11-2-tgz https://registry.npmjs.org/express-session/-/express-session-1.11.2.tgz
479 silly lockFile 54bda92a-ssion-express-session-1-11-2-tgz https://registry.npmjs.org/express-session/-/express-session-1.11.2.tgz
480 silly lockFile 185c5f9f-express-session-1-11-2 express-session@1.11.2
481 silly lockFile 185c5f9f-express-session-1-11-2 express-session@1.11.2
482 silly lockFile 0c19d39e-express-session-1-11-2 express-session@^1.11.2
483 silly lockFile 0c19d39e-express-session-1-11-2 express-session@^1.11.2
484 error Error: EACCES, mkdir '/home/oscar/.npm/express-session/1.11.2'
484 error  { [Error: EACCES, mkdir '/home/oscar/.npm/express-session/1.11.2']
484 error   errno: 3,
484 error   code: 'EACCES',
484 error   path: '/home/oscar/.npm/express-session/1.11.2',
484 error   parent: 'HelloMySite' }
485 error Please try running this command again as root/Administrator.
486 error System Linux 3.16.0-33-generic
487 error command "/usr/local/bin/node" "/usr/local/bin/npm" "install"
488 error cwd /var/www/html/ChatCon
489 error node -v v0.10.35
490 error npm -v 1.4.28
491 error path /home/oscar/.npm/express-session/1.11.2
492 error code EACCES
493 error errno 3
494 error stack Error: EACCES, mkdir '/home/oscar/.npm/express-session/1.11.2'
495 verbose exit [ 3, true ]
